-------------------- Log Start | Sun May 12 04:17:28 2024 --------------------
platform: Linux-6.1.21-v8+-aarch64-with-glibc2.31
data_path: /home/Oghma/printer_data
is_default_data_path: False
config_file: /home/Oghma/printer_data/config/moonraker.conf
startup_warnings: []
verbose: False
debug: False
asyncio_debug: False
is_backup_config: False
is_python_package: False
instance_uuid: be8a673b2ce84d14935f0ed0a8c797a2
unix_socket_path: /home/Oghma/printer_data/comms/moonraker.sock
software_version: v0.8.0-325-g99b97af
git_branch: master
git_remote: origin
git_repo_url: https://github.com/Arksine/moonraker.git
modified_files: []
unofficial_components: []
log_file: /home/Oghma/printer_data/logs/moonraker.log
python_version: 3.9.2 (default, Feb 28 2021, 17:03:44)  [GCC 10.2.1 20210110]
launch_args: /home/Oghma/moonraker-env/bin/python /home/Oghma/moonraker/moonraker/moonraker.py -d /home/Oghma/printer_data
msgspec_enabled: False
uvloop_enabled: False

#################### Moonraker Configuration ####################

[server]
host = 0.0.0.0
port = 7125
klippy_uds_address = /home/Oghma/printer_data/comms/klippy.sock

[authorization]
trusted_clients = 
	10.0.0.0/8
	127.0.0.0/8
	169.254.0.0/16
	172.16.0.0/12
	192.168.0.0/16
	FE80::/10
	::1/128
cors_domains = 
	*.lan
	*.local
	*://localhost
	*://localhost:*
	*://my.mainsail.xyz
	*://app.fluidd.xyz

[octoprint_compat]

[history]

[update_manager]
channel = dev
refresh_interval = 168

[update_manager fluidd-config]
type = git_repo
primary_branch = master
path = ~/fluidd-config
origin = https://github.com/fluidd-core/fluidd-config.git
managed_services = klipper

[update_manager fluidd]
type = web
channel = stable
repo = fluidd-core/fluidd
path = ~/fluidd

[update_manager crowsnest]
type = git_repo
path = ~/crowsnest
origin = https://github.com/mainsail-crew/crowsnest.git
managed_services = crowsnest
install_script = tools/pkglist.sh

[file_manager]
enable_object_processing = True

#################################################################
All Configuration Files:
/home/Oghma/printer_data/config/moonraker.conf
#################################################################

Database Versions: pylmdb = 1.4.1, lmdb = (0, 9, 29)
Unsafe Shutdown Count: 24

System Info:

***python***
  version: (3, 9, 2, 'final', 0)
  version_string: 3.9.2 (default, Feb 28 2021, 17:03:44)  [GCC 10.2.1 20210110]

***cpu_info***
  cpu_count: 4
  bits: 64bit
  processor: aarch64
  cpu_desc: 
  serial_number: efdbc431
  hardware_desc: BCM2835
  model: Raspberry Pi 3 Model B Plus Rev 1.3
  total_memory: 847632
  memory_units: kB

***sd_info***
  manufacturer_id: 1b
  manufacturer: Samsung
  oem_id: 534d
  product_name: EC1S5
  product_revision: 3.0
  serial_number: 80dd5728
  manufacturer_date: 3/2024
  capacity: 59.7 GiB
  total_bytes: 64088965120

***distribution***
  name: Debian GNU/Linux 11 (bullseye)
  id: debian
  version: 11
  version_parts: {'major': '11', 'minor': '', 'build_number': ''}
  like: 
  codename: bullseye
  release_info: {}
  kernel_version: 6.1.21-v8+

***virtualization***
  virt_type: none
  virt_identifier: none

***network***

***canbus***

***Allowed Services***
  klipper_mcu
  webcamd
  MoonCord
  KlipperScreen
  moonraker-telegram-bot
  moonraker-obico
  sonar
  crowsnest
  octoeverywhere
  ratos-configurator
Found libcamera Python module, version: v0.0.5+83-bde9b04f

Systemd unit moonraker.service:
unit_name: moonraker.service
is_default: True
manager: systemd
Properties:
**Requires=['-.mount', 'sysinit.target', 'network-online.target', 'system.slice']
**After=['basic.target', 'sysinit.target', '-.mount', 'network-online.target', 'systemd-journald.socket', 'system.slice']
**SupplementaryGroups=['moonraker-admin']
**EnvironmentFiles=/home/Oghma/printer_data/systemd/moonraker.env
**ExecStart=/home/Oghma/moonraker-env/bin/python $MOONRAKER_ARGS
**WorkingDirectory=/home/Oghma/moonraker
**FragmentPath=/etc/systemd/system/moonraker.service
**Description=API Server for Klipper SV1
**User=Oghma

Systemd unit klipper.service:
unit_name: klipper.service
is_default: True
manager: systemd
Properties:
**Requires=['system.slice', '-.mount', 'sysinit.target']
**After=['basic.target', 'system.slice', '-.mount', 'network-online.target', 'sysinit.target', 'systemd-journald.socket']
**SupplementaryGroups=[]
**EnvironmentFiles=/home/Oghma/printer_data/systemd/klipper.env
**ExecStart=/home/Oghma/klippy-env/bin/python $KLIPPER_ARGS
**WorkingDirectory=/home/Oghma/klipper
**FragmentPath=/etc/systemd/system/klipper.service
**Description=Klipper 3D Printer Firmware SV1
**User=Oghma
Git Repo moonraker: No warnings detected
Git Repo klipper: Warnings detected:
  Repo has untracked source files: ['klippy/extras/gcode_shell_command.py']
Git Repo fluidd-config: No warnings detected
Git Repo crowsnest: No warnings detected
Klipper Version: v0.12.0-143-g01c7befa-dirty
2024-05-12 00:17:28,499 [authorization.py:_prune_conn_handler()] - Trusted Connection Expired, IP: 192.168.50.192
2024-05-12 00:53:06,756 [websockets.py:write_to_socket()] - Websocket closed while writing: 547880253136
2024-05-12 00:53:11,586 [websockets.py:on_close()] - Websocket Closed: ID: 547880253136 Close Code: None, Close Reason: None, Pong Time Elapsed: 44.99
2024-05-12 02:17:41,225 [klippy_connection.py:_process_status_update()] - Klippy has shutdown
2024-05-12 02:17:41,234 [proc_stats.py:_handle_shutdown()] - 
Moonraker System Usage Statistics:
System Time: 1715494631.869584, Usage: 1.44%, Memory: 54040 kB
System Time: 1715494632.871066, Usage: 1.49%, Memory: 54040 kB
System Time: 1715494633.871174, Usage: 1.51%, Memory: 54040 kB
System Time: 1715494634.876511, Usage: 1.64%, Memory: 54040 kB
System Time: 1715494635.874173, Usage: 5.24%, Memory: 54040 kB
System Time: 1715494636.873819, Usage: 1.53%, Memory: 54040 kB
System Time: 1715494637.874255, Usage: 1.45%, Memory: 54040 kB
System Time: 1715494638.875100, Usage: 1.45%, Memory: 54040 kB
System Time: 1715494639.875859, Usage: 1.45%, Memory: 54040 kB
System Time: 1715494640.876414, Usage: 1.48%, Memory: 54040 kB
System Time: 1715494641.877884, Usage: 1.37%, Memory: 54040 kB
System Time: 1715494642.879107, Usage: 1.36%, Memory: 54040 kB
System Time: 1715494643.880340, Usage: 1.4%, Memory: 54040 kB
System Time: 1715494644.881184, Usage: 1.34%, Memory: 54040 kB
System Time: 1715494645.883013, Usage: 3.64%, Memory: 54040 kB
System Time: 1715494646.884675, Usage: 1.54%, Memory: 54040 kB
System Time: 1715494647.885826, Usage: 1.52%, Memory: 54040 kB
System Time: 1715494648.886587, Usage: 1.46%, Memory: 54040 kB
System Time: 1715494649.887323, Usage: 5.46%, Memory: 54044 kB
System Time: 1715494650.895028, Usage: 1.26%, Memory: 54044 kB
System Time: 1715494651.890846, Usage: 2.03%, Memory: 54044 kB
System Time: 1715494652.891809, Usage: 1.47%, Memory: 54044 kB
System Time: 1715494653.892309, Usage: 1.52%, Memory: 54044 kB
System Time: 1715494654.893003, Usage: 1.41%, Memory: 54044 kB
System Time: 1715494655.899019, Usage: 3.37%, Memory: 54044 kB
System Time: 1715494656.895363, Usage: 2.35%, Memory: 54044 kB
System Time: 1715494657.896397, Usage: 1.43%, Memory: 54044 kB
System Time: 1715494658.897492, Usage: 1.41%, Memory: 54044 kB
System Time: 1715494659.898687, Usage: 1.39%, Memory: 54044 kB
System Time: 1715494660.899307, Usage: 1.39%, Memory: 54044 kB
CPU Temperature: 42.932
2024-05-12 02:17:41,237 [proc_stats.py:_handle_shutdown()] - Throttled Flags: 
2024-05-12 02:36:36,416 [server.py:add_log_rollover_item()] - CPU Throttled Flags: ['Previously Temperature Limited']
2024-05-12 03:52:38,350 [authorization.py:_check_trusted_connection()] - Trusted Connection Detected, IP: 192.168.50.192
2024-05-12 03:52:38,449 [application.py:log_request()] - 101 GET /websocket?token=VTQE4DT5XUFWP3IQ3IC5KA3E4PLTDKIV (192.168.50.192) [_TRUSTED_USER_] 5.77ms
2024-05-12 03:52:38,451 [websockets.py:open()] - Websocket Opened: ID: 547878623024, Proxied: True, User Agent: Mozilla/5.0 (Windows NT 10.0; Win64; x64; rv:125.0) Gecko/20100101 Firefox/125.0, Host Name: 192.168.50.96
2024-05-12 03:52:38,524 [websockets.py:_handle_identify()] - Websocket 547878623024 Client Identified - Name: fluidd, Version: 1.29.1-fef6e12, Type: web
2024-05-12 03:52:38,526 [file_manager.py:get_file_list()] - Updating File List <config>...
2024-05-12 03:53:08,626 [websockets.py:write_to_socket()] - Websocket closed while writing: 547878623024
2024-05-12 03:53:13,457 [websockets.py:on_close()] - Websocket Closed: ID: 547878623024 Close Code: None, Close Reason: None, Pong Time Elapsed: 35.01
2024-05-12 04:57:28,569 [authorization.py:_prune_conn_handler()] - Trusted Connection Expired, IP: 192.168.50.192
2024-05-12 08:14:32,001 [authorization.py:_check_trusted_connection()] - Trusted Connection Detected, IP: 192.168.50.192
2024-05-12 08:14:32,064 [application.py:log_request()] - 101 GET /websocket?token=L57I6CQKLG26SNDEDTHSUETX6CBJ3DKT (192.168.50.192) [_TRUSTED_USER_] 5.71ms
2024-05-12 08:14:32,065 [websockets.py:open()] - Websocket Opened: ID: 547878860880, Proxied: True, User Agent: Mozilla/5.0 (Windows NT 10.0; Win64; x64; rv:125.0) Gecko/20100101 Firefox/125.0, Host Name: 192.168.50.96
2024-05-12 08:14:32,077 [websockets.py:_handle_identify()] - Websocket 547878860880 Client Identified - Name: fluidd, Version: 1.29.1-fef6e12, Type: web
2024-05-12 08:14:32,079 [file_manager.py:get_file_list()] - Updating File List <config>...
