-------------------- Log Start | Sun May 19 16:35:58 2024 --------------------
platform: Linux-6.1.21-v8+-aarch64-with-glibc2.31
data_path: /home/Oghma/printer_data
is_default_data_path: False
config_file: /home/Oghma/printer_data/config/moonraker.conf
startup_warnings: []
verbose: False
debug: False
asyncio_debug: False
is_backup_config: False
is_python_package: False
instance_uuid: be8a673b2ce84d14935f0ed0a8c797a2
unix_socket_path: /home/Oghma/printer_data/comms/moonraker.sock
software_version: v0.8.0-325-g99b97af
git_branch: master
git_remote: origin
git_repo_url: https://github.com/Arksine/moonraker.git
modified_files: []
unofficial_components: []
log_file: /home/Oghma/printer_data/logs/moonraker.log
python_version: 3.9.2 (default, Feb 28 2021, 17:03:44)  [GCC 10.2.1 20210110]
launch_args: /home/Oghma/moonraker-env/bin/python /home/Oghma/moonraker/moonraker/moonraker.py -d /home/Oghma/printer_data
msgspec_enabled: False
uvloop_enabled: False

#################### Moonraker Configuration ####################

[server]
host = 0.0.0.0
port = 7125
klippy_uds_address = /home/Oghma/printer_data/comms/klippy.sock

[authorization]
trusted_clients = 
	10.0.0.0/8
	127.0.0.0/8
	169.254.0.0/16
	172.16.0.0/12
	192.168.0.0/16
	FE80::/10
	::1/128
cors_domains = 
	*.lan
	*.local
	*://localhost
	*://localhost:*
	*://my.mainsail.xyz
	*://app.fluidd.xyz

[octoprint_compat]

[history]

[update_manager]
channel = dev
refresh_interval = 168

[update_manager fluidd-config]
type = git_repo
primary_branch = master
path = ~/fluidd-config
origin = https://github.com/fluidd-core/fluidd-config.git
managed_services = klipper

[update_manager fluidd]
type = web
channel = stable
repo = fluidd-core/fluidd
path = ~/fluidd

[update_manager crowsnest]
type = git_repo
path = ~/crowsnest
origin = https://github.com/mainsail-crew/crowsnest.git
managed_services = crowsnest
install_script = tools/pkglist.sh

[file_manager]
enable_object_processing = True

#################################################################
All Configuration Files:
/home/Oghma/printer_data/config/moonraker.conf
#################################################################

Database Versions: pylmdb = 1.4.1, lmdb = (0, 9, 29)
Unsafe Shutdown Count: 29

System Info:

***python***
  version: (3, 9, 2, 'final', 0)
  version_string: 3.9.2 (default, Feb 28 2021, 17:03:44)  [GCC 10.2.1 20210110]

***cpu_info***
  cpu_count: 4
  bits: 64bit
  processor: aarch64
  cpu_desc: 
  serial_number: efdbc431
  hardware_desc: BCM2835
  model: Raspberry Pi 3 Model B Plus Rev 1.3
  total_memory: 847632
  memory_units: kB

***sd_info***
  manufacturer_id: 1b
  manufacturer: Samsung
  oem_id: 534d
  product_name: EC1S5
  product_revision: 3.0
  serial_number: 80dd5728
  manufacturer_date: 3/2024
  capacity: 59.7 GiB
  total_bytes: 64088965120

***distribution***
  name: Debian GNU/Linux 11 (bullseye)
  id: debian
  version: 11
  version_parts: {'major': '11', 'minor': '', 'build_number': ''}
  like: 
  codename: bullseye
  release_info: {}
  kernel_version: 6.1.21-v8+

***virtualization***
  virt_type: none
  virt_identifier: none

***network***

***canbus***

***Allowed Services***
  klipper_mcu
  webcamd
  MoonCord
  KlipperScreen
  moonraker-telegram-bot
  moonraker-obico
  sonar
  crowsnest
  octoeverywhere
  ratos-configurator
Found libcamera Python module, version: v0.0.5+83-bde9b04f

Systemd unit moonraker.service:
unit_name: moonraker.service
is_default: True
manager: systemd
Properties:
**Requires=['system.slice', 'network-online.target', 'sysinit.target', '-.mount']
**After=['systemd-journald.socket', '-.mount', 'network-online.target', 'sysinit.target', 'system.slice', 'basic.target']
**SupplementaryGroups=['moonraker-admin']
**EnvironmentFiles=/home/Oghma/printer_data/systemd/moonraker.env
**ExecStart=/home/Oghma/moonraker-env/bin/python $MOONRAKER_ARGS
**WorkingDirectory=/home/Oghma/moonraker
**FragmentPath=/etc/systemd/system/moonraker.service
**Description=API Server for Klipper SV1
**User=Oghma

Systemd unit klipper.service:
unit_name: klipper.service
is_default: True
manager: systemd
Properties:
**Requires=['system.slice', 'sysinit.target', '-.mount']
**After=['system.slice', 'network-online.target', '-.mount', 'systemd-journald.socket', 'sysinit.target', 'basic.target']
**SupplementaryGroups=[]
**EnvironmentFiles=/home/Oghma/printer_data/systemd/klipper.env
**ExecStart=/home/Oghma/klippy-env/bin/python $KLIPPER_ARGS
**WorkingDirectory=/home/Oghma/klipper
**FragmentPath=/etc/systemd/system/klipper.service
**Description=Klipper 3D Printer Firmware SV1
**User=Oghma
CPU Throttled Flags: ['Under-Voltage Detected', 'Currently Throttled', 'Previously Under-Volted', 'Previously Throttled']
Git Repo moonraker: No warnings detected
Git Repo klipper: No warnings detected
Git Repo fluidd-config: No warnings detected
Git Repo crowsnest: No warnings detected
Klipper Version: v0.12.0-143-g01c7befa
2024-05-19 12:35:58,037 [server.py:add_log_rollover_item()] - CPU Throttled Flags: ['Under-Voltage Detected', 'Currently Throttled', 'Previously Under-Volted', 'Previously Throttled']
2024-05-19 12:37:20,372 [klippy_connection.py:_request_initial_subscriptions()] - Webhooks Subscribed
2024-05-19 12:37:20,379 [klippy_connection.py:_request_initial_subscriptions()] - GCode Output Subscribed
2024-05-19 12:37:20,392 [klippy_connection.py:_check_ready()] - 
mcu 'SB2209': Unable to connect
Once the underlying issue is corrected, use the
"FIRMWARE_RESTART" command to reset the firmware, reload the
config, and restart the host software.
Error configuring printer

-------------------- Log Start | Sun May 19 16:37:52 2024 --------------------
platform: Linux-6.1.21-v8+-aarch64-with-glibc2.31
data_path: /home/Oghma/printer_data
is_default_data_path: False
config_file: /home/Oghma/printer_data/config/moonraker.conf
startup_warnings: []
verbose: False
debug: False
asyncio_debug: False
is_backup_config: False
is_python_package: False
instance_uuid: be8a673b2ce84d14935f0ed0a8c797a2
unix_socket_path: /home/Oghma/printer_data/comms/moonraker.sock
software_version: v0.8.0-325-g99b97af
git_branch: master
git_remote: origin
git_repo_url: https://github.com/Arksine/moonraker.git
modified_files: []
unofficial_components: []
log_file: /home/Oghma/printer_data/logs/moonraker.log
python_version: 3.9.2 (default, Feb 28 2021, 17:03:44)  [GCC 10.2.1 20210110]
launch_args: /home/Oghma/moonraker-env/bin/python /home/Oghma/moonraker/moonraker/moonraker.py -d /home/Oghma/printer_data
msgspec_enabled: False
uvloop_enabled: False
2024-05-19 12:37:52,840 [confighelper.py:read_file()] - Configuration File '/home/Oghma/printer_data/config/moonraker.conf' parsed, total size: 971 B
2024-05-19 12:37:52,842 [server.py:add_log_rollover_item()] - 
#################### Moonraker Configuration ####################

[server]
host = 0.0.0.0
port = 7125
klippy_uds_address = /home/Oghma/printer_data/comms/klippy.sock

[authorization]
trusted_clients = 
	10.0.0.0/8
	127.0.0.0/8
	169.254.0.0/16
	172.16.0.0/12
	192.168.0.0/16
	FE80::/10
	::1/128
cors_domains = 
	*.lan
	*.local
	*://localhost
	*://localhost:*
	*://my.mainsail.xyz
	*://app.fluidd.xyz

[octoprint_compat]

[history]

[update_manager]
channel = dev
refresh_interval = 168

[update_manager fluidd-config]
type = git_repo
primary_branch = master
path = ~/fluidd-config
origin = https://github.com/fluidd-core/fluidd-config.git
managed_services = klipper

[update_manager fluidd]
type = web
channel = stable
repo = fluidd-core/fluidd
path = ~/fluidd

[update_manager crowsnest]
type = git_repo
path = ~/crowsnest
origin = https://github.com/mainsail-crew/crowsnest.git
managed_services = crowsnest
install_script = tools/pkglist.sh

[file_manager]
enable_object_processing = True

#################################################################
All Configuration Files:
/home/Oghma/printer_data/config/moonraker.conf
#################################################################
2024-05-19 12:37:53,337 [server.py:load_component()] - Component (secrets) loaded
2024-05-19 12:37:53,367 [server.py:load_component()] - Component (template) loaded
2024-05-19 12:37:53,401 [server.py:load_component()] - Component (klippy_connection) loaded
2024-05-19 12:37:55,614 [server.py:load_component()] - Component (application) loaded
2024-05-19 12:37:55,717 [server.py:load_component()] - Component (websockets) loaded
2024-05-19 12:37:56,039 [server.py:load_component()] - Component (dbus_manager) loaded
2024-05-19 12:37:56,113 [server.py:add_log_rollover_item()] - 
Database Versions: pylmdb = 1.4.1, lmdb = (0, 9, 29)
Unsafe Shutdown Count: 30
2024-05-19 12:37:56,157 [server.py:load_component()] - Component (database) loaded
2024-05-19 12:37:56,260 [file_manager.py:__init__()] - Using File System Observer: inotify
2024-05-19 12:37:56,493 [server.py:load_component()] - Component (file_manager) loaded
2024-05-19 12:37:56,610 [authorization.py:__init__()] - Authorization Configuration Loaded
Trusted Clients:
10.0.0.0/8
127.0.0.0/8
169.254.0.0/16
172.16.0.0/12
192.168.0.0/16
fe80::/10
::1/128
CORS Domains:
.*\.lan
.*\.local
.*://localhost
.*://localhost:.*
.*://my\.mainsail\.xyz
.*://app\.fluidd\.xyz
2024-05-19 12:37:56,637 [server.py:load_component()] - Component (authorization) loaded
2024-05-19 12:37:56,661 [server.py:load_component()] - Component (klippy_apis) loaded
2024-05-19 12:37:57,556 [server.py:add_log_rollover_item()] - 
System Info:

***python***
  version: (3, 9, 2, 'final', 0)
  version_string: 3.9.2 (default, Feb 28 2021, 17:03:44)  [GCC 10.2.1 20210110]

***cpu_info***
  cpu_count: 4
  bits: 64bit
  processor: aarch64
  cpu_desc: 
  serial_number: efdbc431
  hardware_desc: BCM2835
  model: Raspberry Pi 3 Model B Plus Rev 1.3
  total_memory: 847632
  memory_units: kB

***sd_info***
  manufacturer_id: 1b
  manufacturer: Samsung
  oem_id: 534d
  product_name: EC1S5
  product_revision: 3.0
  serial_number: 80dd5728
  manufacturer_date: 3/2024
  capacity: 59.7 GiB
  total_bytes: 64088965120

***distribution***
  name: Debian GNU/Linux 11 (bullseye)
  id: debian
  version: 11
  version_parts: {'major': '11', 'minor': '', 'build_number': ''}
  like: 
  codename: bullseye
  release_info: {}
  kernel_version: 6.1.21-v8+

***virtualization***
  virt_type: none
  virt_identifier: none

***network***

***canbus***

***Allowed Services***
  klipper_mcu
  webcamd
  MoonCord
  KlipperScreen
  moonraker-telegram-bot
  moonraker-obico
  sonar
  crowsnest
  octoeverywhere
  ratos-configurator
2024-05-19 12:37:57,571 [server.py:load_component()] - Component (shell_command) loaded
2024-05-19 12:37:57,572 [machine.py:__init__()] - Using System Provider: systemd_dbus
2024-05-19 12:37:57,885 [server.py:add_log_rollover_item()] - Found libcamera Python module, version: v0.0.5+83-bde9b04f
2024-05-19 12:37:57,887 [server.py:load_component()] - Component (machine) loaded
2024-05-19 12:37:57,900 [server.py:load_component()] - Component (data_store) loaded
2024-05-19 12:37:57,908 [proc_stats.py:__init__()] - Detected 'vcgencmd', throttle checking enabled
2024-05-19 12:37:57,912 [server.py:load_component()] - Component (proc_stats) loaded
2024-05-19 12:37:57,919 [server.py:load_component()] - Component (job_state) loaded
2024-05-19 12:37:57,939 [server.py:load_component()] - Component (job_queue) loaded
2024-05-19 12:37:57,970 [server.py:load_component()] - Component (http_client) loaded
2024-05-19 12:37:57,992 [server.py:load_component()] - Component (announcements) loaded
2024-05-19 12:37:58,007 [server.py:load_component()] - Component (webcam) loaded
2024-05-19 12:37:58,021 [server.py:load_component()] - Component (extensions) loaded
2024-05-19 12:37:58,039 [server.py:load_component()] - Component (history) loaded
2024-05-19 12:37:58,066 [server.py:load_component()] - Component (octoprint_compat) loaded
2024-05-19 12:37:58,350 [base_deploy.py:log_info()] - Git Repo moonraker: Detected virtualenv: /home/Oghma/moonraker-env
2024-05-19 12:37:58,368 [base_deploy.py:log_info()] - Git Repo klipper: Detected virtualenv: /home/Oghma/klippy-env
2024-05-19 12:37:58,425 [server.py:load_component()] - Component (update_manager) loaded
2024-05-19 12:37:58,435 [server.py:_initialize_component()] - Performing Component Post Init: [dbus_manager]
2024-05-19 12:41:45,930 [server.py:_initialize_component()] - Performing Component Post Init: [file_manager]
2024-05-19 12:41:46,513 [server.py:_initialize_component()] - Performing Component Post Init: [authorization]
2024-05-19 12:41:46,514 [server.py:_initialize_component()] - Performing Component Post Init: [machine]
2024-05-19 12:41:46,517 [machine.py:validation_init()] - Installation version in database up to date
2024-05-19 12:41:47,662 [machine.py:check_virt_status()] - No Virtualization Detected
2024-05-19 12:41:47,716 [machine.py:_find_public_ip()] - Detected Local IP: 192.168.50.96
2024-05-19 12:41:47,728 [webcam.py:_set_default_host_ip()] - Default public webcam address set: http://192.168.50.96
2024-05-19 12:41:47,980 [server.py:add_log_rollover_item()] - 
Systemd unit moonraker.service:
unit_name: moonraker.service
is_default: True
manager: systemd
Properties:
**Requires=['-.mount', 'network-online.target', 'sysinit.target', 'system.slice']
**After=['-.mount', 'network-online.target', 'systemd-journald.socket', 'basic.target', 'system.slice', 'sysinit.target']
**SupplementaryGroups=['moonraker-admin']
**EnvironmentFiles=/home/Oghma/printer_data/systemd/moonraker.env
**ExecStart=/home/Oghma/moonraker-env/bin/python $MOONRAKER_ARGS
**WorkingDirectory=/home/Oghma/moonraker
**FragmentPath=/etc/systemd/system/moonraker.service
**Description=API Server for Klipper SV1
**User=Oghma
2024-05-19 12:41:47,981 [server.py:_initialize_component()] - Performing Component Post Init: [proc_stats]
2024-05-19 12:41:47,981 [server.py:_initialize_component()] - Performing Component Post Init: [announcements]
2024-05-19 12:41:47,986 [server.py:_initialize_component()] - Performing Component Post Init: [webcam]
2024-05-19 12:41:47,987 [webcam.py:_set_default_host_ip()] - Default public webcam address set: http://192.168.50.96
2024-05-19 12:41:47,989 [server.py:_initialize_component()] - Performing Component Post Init: [klippy_connection]
2024-05-19 12:41:47,990 [server.py:add_log_rollover_item()] - 
Systemd unit klipper.service:
unit_name: klipper.service
is_default: True
manager: systemd
Properties:
**Requires=['system.slice', 'sysinit.target', '-.mount']
**After=['system.slice', 'network-online.target', '-.mount', 'systemd-journald.socket', 'sysinit.target', 'basic.target']
**SupplementaryGroups=[]
**EnvironmentFiles=/home/Oghma/printer_data/systemd/klipper.env
**ExecStart=/home/Oghma/klippy-env/bin/python $KLIPPER_ARGS
**WorkingDirectory=/home/Oghma/klipper
**FragmentPath=/etc/systemd/system/klipper.service
**Description=Klipper 3D Printer Firmware SV1
**User=Oghma
2024-05-19 12:41:47,991 [server.py:_initialize_component()] - Performing Component Post Init: [history]
2024-05-19 12:41:48,004 [server.py:_initialize_component()] - Performing Component Post Init: [update_manager]
2024-05-19 12:41:48,063 [server.py:add_log_rollover_item()] - CPU Throttled Flags: ['Under-Voltage Detected', 'Currently Throttled', 'Previously Under-Volted', 'Previously Throttled']
2024-05-19 12:41:48,925 [base_deploy.py:log_info()] - PackageDeploy: PackageKit Provider Configured
2024-05-19 12:41:48,931 [git_deploy.py:log_repo_info()] - Git Repo klipper Detected:
Owner: Klipper3d
Repository Name: klipper
Path: /home/Oghma/klipper
Remote: origin
Branch: master
Remote URL: https://github.com/Klipper3d/klipper
Recovery URL: https://github.com/Klipper3d/klipper
Current Commit SHA: 01c7befacb5b71643130433f2afb3f22ece68d71
Upstream Commit SHA: dae8b8cacff583b180c650d9a6d1601907a12f1e
Current Version: v0.12.0-143-g01c7befa
Upstream Version: v0.12.0-190-gdae8b8ca
Rollback Commit: 01c7befacb5b71643130433f2afb3f22ece68d71
Rollback Branch: master
Rollback Version: v0.12.0-143-g01c7befa
Is Dirty: False
Is Detached: False
Is Shallow: False
Commits Behind Count: 47
Diverged: False
2024-05-19 12:41:48,955 [extensions.py:start_unix_server()] - Creating Unix Domain Socket at '/home/Oghma/printer_data/comms/moonraker.sock'
2024-05-19 12:41:48,957 [server.py:start_server()] - Starting Moonraker on (0.0.0.0, 7125), Hostname: DarkWing
2024-05-19 12:41:48,961 [application.py:listen()] - SSL Certificate/Key not configured, aborting HTTPS Server startup
2024-05-19 12:41:49,219 [klippy_connection.py:_do_connect()] - Klippy Connection Established
2024-05-19 12:41:49,558 [server.py:add_log_rollover_item()] - 
Systemd unit klipper.service:
unit_name: klipper.service
is_default: True
manager: systemd
Properties:
**Requires=['system.slice', 'sysinit.target', '-.mount']
**After=['network-online.target', '-.mount', 'sysinit.target', 'system.slice', 'systemd-journald.socket', 'basic.target']
**SupplementaryGroups=[]
**EnvironmentFiles=/home/Oghma/printer_data/systemd/klipper.env
**ExecStart=/home/Oghma/klippy-env/bin/python $KLIPPER_ARGS
**WorkingDirectory=/home/Oghma/klipper
**FragmentPath=/etc/systemd/system/klipper.service
**Description=Klipper 3D Printer Firmware SV1
**User=Oghma
2024-05-19 12:41:50,811 [server.py:add_log_rollover_item()] - Klipper Version: v0.12.0-143-g01c7befa
2024-05-19 12:41:53,036 [klippy_connection.py:_request_initial_subscriptions()] - Webhooks Subscribed
2024-05-19 12:41:53,043 [klippy_connection.py:_request_initial_subscriptions()] - GCode Output Subscribed
2024-05-19 12:41:53,289 [job_state.py:_handle_started()] - Job state initialized: standby
2024-05-19 12:41:53,584 [klippy_connection.py:_check_ready()] - Klippy ready
2024-05-19 12:41:54,041 [data_store.py:_init_sensors()] - Configuring available sensors: ['heater_bed', 'temperature_sensor Octopus', 'temperature_fan Pi', 'temperature_fan SB2209', 'extruder']
2024-05-19 12:41:57,882 [base_deploy.py:log_info()] - PackageKit: Detected 13 package updates:
less
libc-bin
libc-dev-bin
libc-devtools
libc-l10n
libc6
libc6-dbg
libc6-dev
libdav1d4
libglib2.0-0
libglib2.0-bin
libglib2.0-data
locales
2024-05-19 12:41:57,986 [shell_command.py:_check_proc_success()] - Command (git -C /home/Oghma/moonraker status --porcelain -b) successfully finished
2024-05-19 12:41:58,035 [shell_command.py:_check_proc_success()] - Command (git -C /home/Oghma/moonraker branch --list --no-color) successfully finished
2024-05-19 12:41:58,172 [shell_command.py:_check_proc_success()] - Command (git -C /home/Oghma/moonraker remote get-url origin) successfully finished
2024-05-19 12:42:00,683 [shell_command.py:_check_proc_success()] - Command (git -C /home/Oghma/moonraker fetch origin --prune --progress) successfully finished
2024-05-19 12:42:00,752 [shell_command.py:_check_proc_success()] - Command (git -C /home/Oghma/moonraker merge-base --is-ancestor HEAD origin/master) successfully finished
2024-05-19 12:42:00,809 [shell_command.py:_check_proc_success()] - Command (git -C /home/Oghma/moonraker rev-parse HEAD) successfully finished
2024-05-19 12:42:00,910 [shell_command.py:_check_proc_success()] - Command (git -C /home/Oghma/moonraker describe --always --tags --long --dirty --abbrev=8) successfully finished
2024-05-19 12:42:00,967 [shell_command.py:_check_proc_success()] - Command (git -C /home/Oghma/moonraker rev-parse origin/master) successfully finished
2024-05-19 12:42:01,069 [shell_command.py:_check_proc_success()] - Command (git -C /home/Oghma/moonraker describe origin/master --always --tags --long --abbrev=8) successfully finished
2024-05-19 12:42:01,139 [shell_command.py:_check_proc_success()] - Command (git -C /home/Oghma/moonraker rev-list HEAD..73df63db1f1c636cf66d5ae03def705c2880b799 --count) successfully finished
2024-05-19 12:42:01,211 [shell_command.py:_check_proc_success()] - Command (git -C /home/Oghma/moonraker log 99b97afc7de1ed16ddc7db29ab6354bd6ea3dfb7..origin/master --format="sha:%H%x1Dauthor:%an%x1Ddate:%ct%x1Dsubject:%s%x1Dmessage:%b%x1E" --max-count=100) successfully finished
2024-05-19 12:42:01,483 [shell_command.py:_check_proc_success()] - Command (git -C /home/Oghma/moonraker for-each-ref --count=100 --sort='-creatordate' --contains=HEAD --merged=origin/master --format='%(if)%(*objecttype)%(then)%(*objecttype) %(*objectname)%(else)%(objecttype) %(objectname)%(end) %(refname)' 'refs/tags') successfully finished
2024-05-19 12:42:01,489 [git_deploy.py:log_repo_info()] - Git Repo moonraker Detected:
Owner: Arksine
Repository Name: moonraker
Path: /home/Oghma/moonraker
Remote: origin
Branch: master
Remote URL: https://github.com/Arksine/moonraker.git
Recovery URL: https://github.com/Arksine/moonraker.git
Current Commit SHA: 99b97afc7de1ed16ddc7db29ab6354bd6ea3dfb7
Upstream Commit SHA: 73df63db1f1c636cf66d5ae03def705c2880b799
Current Version: v0.8.0-325-g99b97afc
Upstream Version: v0.8.0-359-g73df63db
Rollback Commit: 99b97afc7de1ed16ddc7db29ab6354bd6ea3dfb7
Rollback Branch: master
Rollback Version: v0.8.0-325-g99b97afc
Is Dirty: False
Is Detached: False
Is Shallow: False
Commits Behind Count: 34
Diverged: False
2024-05-19 12:42:01,491 [base_deploy.py:log_info()] - Git Repo moonraker: Channel: dev
2024-05-19 12:42:01,491 [base_deploy.py:log_info()] - Git Repo moonraker: Validity check for git repo passed
2024-05-19 12:42:01,494 [base_deploy.py:log_info()] - Git Repo klipper: Next refresh in: 3 Days, 3 Hours, 42 Minutes, 31 Seconds
2024-05-19 12:42:01,640 [shell_command.py:_check_proc_success()] - Command (git -C /home/Oghma/fluidd-config status --porcelain -b) successfully finished
2024-05-19 12:42:01,695 [shell_command.py:_check_proc_success()] - Command (git -C /home/Oghma/fluidd-config branch --list --no-color) successfully finished
2024-05-19 12:42:01,802 [shell_command.py:_check_proc_success()] - Command (git -C /home/Oghma/fluidd-config remote get-url origin) successfully finished
2024-05-19 12:42:02,810 [shell_command.py:_check_proc_success()] - Command (git -C /home/Oghma/fluidd-config fetch origin --prune --progress) successfully finished
2024-05-19 12:42:02,863 [shell_command.py:_check_proc_success()] - Command (git -C /home/Oghma/fluidd-config merge-base --is-ancestor HEAD origin/master) successfully finished
2024-05-19 12:42:02,921 [shell_command.py:_check_proc_success()] - Command (git -C /home/Oghma/fluidd-config rev-parse HEAD) successfully finished
2024-05-19 12:42:02,982 [shell_command.py:_check_proc_success()] - Command (git -C /home/Oghma/fluidd-config describe --always --tags --long --dirty --abbrev=8) successfully finished
2024-05-19 12:42:03,033 [shell_command.py:_check_proc_success()] - Command (git -C /home/Oghma/fluidd-config rev-parse origin/master) successfully finished
2024-05-19 12:42:03,093 [shell_command.py:_check_proc_success()] - Command (git -C /home/Oghma/fluidd-config describe origin/master --always --tags --long --abbrev=8) successfully finished
2024-05-19 12:42:03,165 [shell_command.py:_check_proc_success()] - Command (git -C /home/Oghma/fluidd-config rev-list HEAD..ce48c5854e9ca3ca72b63d0327069fac20e94c7c --count) successfully finished
2024-05-19 12:42:03,169 [git_deploy.py:log_repo_info()] - Git Repo fluidd-config Detected:
Owner: fluidd-core
Repository Name: fluidd-config
Path: /home/Oghma/fluidd-config
Remote: origin
Branch: master
Remote URL: https://github.com/fluidd-core/fluidd-config.git
Recovery URL: https://github.com/fluidd-core/fluidd-config.git
Current Commit SHA: ce48c5854e9ca3ca72b63d0327069fac20e94c7c
Upstream Commit SHA: ce48c5854e9ca3ca72b63d0327069fac20e94c7c
Current Version: v1.2.0-0-gce48c585
Upstream Version: v1.2.0-0-gce48c585
Rollback Commit: ce48c5854e9ca3ca72b63d0327069fac20e94c7c
Rollback Branch: master
Rollback Version: v1.2.0-0-gce48c585
Is Dirty: False
Is Detached: False
Is Shallow: False
Commits Behind Count: 0
Diverged: False
2024-05-19 12:42:03,170 [base_deploy.py:log_info()] - Git Repo fluidd-config: Channel: dev
2024-05-19 12:42:03,170 [base_deploy.py:log_info()] - Git Repo fluidd-config: Validity check for git repo passed
2024-05-19 12:42:03,506 [base_deploy.py:log_info()] - Web Client fluidd: Detected
Repo: fluidd-core/fluidd
Channel: stable
Path: /home/Oghma/fluidd
Local Version: v1.29.1
Remote Version: v1.30.0
Valid: True
Fallback Detected: False
Pre-release: False
Download Url: https://github.com/fluidd-core/fluidd/releases/download/v1.30.0/fluidd.zip
Download Size: 3715088
Content Type: application/zip
Rollback Version: v1.29.1
Rollback Repo: fluidd-core/fluidd
2024-05-19 12:42:03,637 [shell_command.py:_check_proc_success()] - Command (git -C /home/Oghma/crowsnest status --porcelain -b) successfully finished
2024-05-19 12:42:03,686 [shell_command.py:_check_proc_success()] - Command (git -C /home/Oghma/crowsnest branch --list --no-color) successfully finished
2024-05-19 12:42:03,780 [shell_command.py:_check_proc_success()] - Command (git -C /home/Oghma/crowsnest remote get-url origin) successfully finished
2024-05-19 12:42:04,829 [shell_command.py:_check_proc_success()] - Command (git -C /home/Oghma/crowsnest fetch origin --prune --progress) successfully finished
2024-05-19 12:42:04,882 [shell_command.py:_check_proc_success()] - Command (git -C /home/Oghma/crowsnest merge-base --is-ancestor HEAD origin/master) successfully finished
2024-05-19 12:42:04,930 [shell_command.py:_check_proc_success()] - Command (git -C /home/Oghma/crowsnest rev-parse HEAD) successfully finished
2024-05-19 12:42:05,002 [shell_command.py:_check_proc_success()] - Command (git -C /home/Oghma/crowsnest describe --always --tags --long --dirty --abbrev=8) successfully finished
2024-05-19 12:42:05,050 [shell_command.py:_check_proc_success()] - Command (git -C /home/Oghma/crowsnest rev-parse origin/master) successfully finished
2024-05-19 12:42:05,120 [shell_command.py:_check_proc_success()] - Command (git -C /home/Oghma/crowsnest describe origin/master --always --tags --long --abbrev=8) successfully finished
2024-05-19 12:42:05,180 [shell_command.py:_check_proc_success()] - Command (git -C /home/Oghma/crowsnest rev-list HEAD..d75a3aeb018384e59d03518754f6148c98894ed9 --count) successfully finished
2024-05-19 12:42:05,241 [shell_command.py:_check_proc_success()] - Command (git -C /home/Oghma/crowsnest log 6ac4711e17f6f7c51998d1f928166fdaee383bf7..origin/master --format="sha:%H%x1Dauthor:%an%x1Ddate:%ct%x1Dsubject:%s%x1Dmessage:%b%x1E" --max-count=100) successfully finished
2024-05-19 12:42:05,350 [shell_command.py:_check_proc_success()] - Command (git -C /home/Oghma/crowsnest for-each-ref --count=100 --sort='-creatordate' --contains=HEAD --merged=origin/master --format='%(if)%(*objecttype)%(then)%(*objecttype) %(*objectname)%(else)%(objecttype) %(objectname)%(end) %(refname)' 'refs/tags') successfully finished
2024-05-19 12:42:05,352 [git_deploy.py:log_repo_info()] - Git Repo crowsnest Detected:
Owner: mainsail-crew
Repository Name: crowsnest
Path: /home/Oghma/crowsnest
Remote: origin
Branch: master
Remote URL: https://github.com/mainsail-crew/crowsnest.git
Recovery URL: https://github.com/mainsail-crew/crowsnest.git
Current Commit SHA: 6ac4711e17f6f7c51998d1f928166fdaee383bf7
Upstream Commit SHA: d75a3aeb018384e59d03518754f6148c98894ed9
Current Version: v4.1.8-1-g6ac4711e
Upstream Version: v4.1.9-1-gd75a3aeb
Rollback Commit: 6ac4711e17f6f7c51998d1f928166fdaee383bf7
Rollback Branch: master
Rollback Version: v4.1.8-1-g6ac4711e
Is Dirty: False
Is Detached: False
Is Shallow: False
Commits Behind Count: 4
Diverged: False
2024-05-19 12:42:05,353 [base_deploy.py:log_info()] - Git Repo crowsnest: Channel: dev
2024-05-19 12:42:05,353 [base_deploy.py:log_info()] - Git Repo crowsnest: Validity check for git repo passed
2024-05-19 15:57:52,011 [authorization.py:_check_trusted_connection()] - Trusted Connection Detected, IP: 192.168.50.192
2024-05-19 15:57:52,184 [application.py:log_request()] - 101 GET /websocket?token=M47UQMOFJ4RRWJX2U6HCSP7VWPFBZ3Y6 (192.168.50.192) [_TRUSTED_USER_] 13.65ms
2024-05-19 15:57:52,186 [websockets.py:open()] - Websocket Opened: ID: 548254066960, Proxied: True, User Agent: Mozilla/5.0 (Windows NT 10.0; Win64; x64; rv:125.0) Gecko/20100101 Firefox/125.0, Host Name: 192.168.50.96
2024-05-19 15:57:52,200 [websockets.py:_handle_identify()] - Websocket 548254066960 Client Identified - Name: fluidd, Version: 1.29.1-fef6e12, Type: web
2024-05-19 15:57:52,202 [file_manager.py:get_file_list()] - Updating File List <config>...
2024-05-19 15:57:59,249 [job_state.py:_status_update()] - Job Started: BTT HDMI5 Mount for CickyClacky Door_ABS_3h20m.gcode
2024-05-19 16:42:52,226 [websockets.py:write_to_socket()] - Websocket closed while writing: 548254066960
2024-05-19 16:42:57,193 [websockets.py:on_close()] - Websocket Closed: ID: 548254066960 Close Code: None, Close Reason: None, Pong Time Elapsed: 44.99
2024-05-19 17:01:46,579 [authorization.py:_prune_conn_handler()] - Trusted Connection Expired, IP: 192.168.50.192
2024-05-19 17:53:12,272 [authorization.py:_check_trusted_connection()] - Trusted Connection Detected, IP: 192.168.50.192
2024-05-19 17:53:13,028 [application.py:log_request()] - 101 GET /websocket?token=EOZZ2EYDPZYDDZWGSGGELR3ZBB6ACS3V (192.168.50.192) [_TRUSTED_USER_] 5.64ms
2024-05-19 17:53:13,029 [websockets.py:open()] - Websocket Opened: ID: 548254066336, Proxied: True, User Agent: Mozilla/5.0 (Windows NT 10.0; Win64; x64; rv:125.0) Gecko/20100101 Firefox/125.0, Host Name: 192.168.50.96
2024-05-19 17:53:13,045 [websockets.py:_handle_identify()] - Websocket 548254066336 Client Identified - Name: fluidd, Version: 1.29.1-fef6e12, Type: web
2024-05-19 17:53:13,047 [file_manager.py:get_file_list()] - Updating File List <config>...
2024-05-19 18:45:13,121 [websockets.py:write_to_socket()] - Websocket closed while writing: 548254066336
2024-05-19 18:45:18,035 [websockets.py:on_close()] - Websocket Closed: ID: 548254066336 Close Code: None, Close Reason: None, Pong Time Elapsed: 44.99
2024-05-19 18:48:14,566 [application.py:log_request()] - 101 GET /websocket?token=V26EAJKHBQHMW26ZEWVIAW7X6JXCC4GX (192.168.50.192) [_TRUSTED_USER_] 3.73ms
2024-05-19 18:48:14,567 [websockets.py:open()] - Websocket Opened: ID: 548254066192, Proxied: True, User Agent: Mozilla/5.0 (Windows NT 10.0; Win64; x64; rv:125.0) Gecko/20100101 Firefox/125.0, Host Name: 192.168.50.96
2024-05-19 18:48:14,580 [websockets.py:_handle_identify()] - Websocket 548254066192 Client Identified - Name: fluidd, Version: 1.29.1-fef6e12, Type: web
2024-05-19 18:48:14,582 [file_manager.py:get_file_list()] - Updating File List <config>...
2024-05-19 19:19:14,819 [websockets.py:write_to_socket()] - Websocket closed while writing: 548254066192
2024-05-19 19:19:19,572 [websockets.py:on_close()] - Websocket Closed: ID: 548254066192 Close Code: None, Close Reason: None, Pong Time Elapsed: 44.99
2024-05-19 19:37:27,036 [application.py:log_request()] - 101 GET /websocket?token=UGJPYXU4ENK4RT26VL4LMROKN4GJNZOV (192.168.50.192) [_TRUSTED_USER_] 5.92ms
2024-05-19 19:37:27,037 [websockets.py:open()] - Websocket Opened: ID: 548548374048, Proxied: True, User Agent: Mozilla/5.0 (Windows NT 10.0; Win64; x64; rv:125.0) Gecko/20100101 Firefox/125.0, Host Name: 192.168.50.96
2024-05-19 19:37:27,170 [websockets.py:_handle_identify()] - Websocket 548548374048 Client Identified - Name: fluidd, Version: 1.29.1-fef6e12, Type: web
2024-05-19 19:37:27,172 [file_manager.py:get_file_list()] - Updating File List <config>...
2024-05-19 19:37:30,610 [klippy_connection.py:_process_status_update()] - Klippy has shutdown
2024-05-19 19:37:30,617 [proc_stats.py:_handle_shutdown()] - 
Moonraker System Usage Statistics:
System Time: 1716161820.864632, Usage: 2.19%, Memory: 53372 kB
System Time: 1716161821.867831, Usage: 2.19%, Memory: 53372 kB
System Time: 1716161822.867118, Usage: 2.37%, Memory: 53372 kB
System Time: 1716161823.870719, Usage: 2.14%, Memory: 53372 kB
System Time: 1716161824.871235, Usage: 5.84%, Memory: 53372 kB
System Time: 1716161825.871611, Usage: 2.45%, Memory: 53372 kB
System Time: 1716161826.872438, Usage: 2.31%, Memory: 53372 kB
System Time: 1716161827.875328, Usage: 2.23%, Memory: 53372 kB
System Time: 1716161828.876800, Usage: 2.19%, Memory: 53372 kB
System Time: 1716161829.878822, Usage: 2.16%, Memory: 53372 kB
System Time: 1716161830.879970, Usage: 2.31%, Memory: 53372 kB
System Time: 1716161831.882360, Usage: 2.18%, Memory: 53372 kB
System Time: 1716161832.885408, Usage: 2.25%, Memory: 53372 kB
System Time: 1716161833.884909, Usage: 2.35%, Memory: 53372 kB
System Time: 1716161834.890145, Usage: 5.52%, Memory: 53372 kB
System Time: 1716161835.887403, Usage: 2.62%, Memory: 53372 kB
System Time: 1716161836.888601, Usage: 2.32%, Memory: 53372 kB
System Time: 1716161837.891526, Usage: 2.19%, Memory: 53372 kB
System Time: 1716161838.892274, Usage: 2.42%, Memory: 53372 kB
System Time: 1716161839.892370, Usage: 2.35%, Memory: 53372 kB
System Time: 1716161840.894741, Usage: 2.27%, Memory: 53372 kB
System Time: 1716161841.895982, Usage: 2.4%, Memory: 53372 kB
System Time: 1716161842.897377, Usage: 2.29%, Memory: 53372 kB
System Time: 1716161843.897508, Usage: 2.37%, Memory: 53372 kB
System Time: 1716161844.902750, Usage: 5.69%, Memory: 53372 kB
System Time: 1716161845.903746, Usage: 2.53%, Memory: 53372 kB
System Time: 1716161846.903524, Usage: 2.6%, Memory: 53372 kB
System Time: 1716161847.898129, Usage: 14.03%, Memory: 53372 kB
System Time: 1716161848.899452, Usage: 15.95%, Memory: 53372 kB
System Time: 1716161849.900017, Usage: 9.25%, Memory: 53312 kB
CPU Temperature: 41.318
2024-05-19 19:37:30,619 [proc_stats.py:_handle_shutdown()] - Throttled Flags: Previously Under-Volted Previously Throttled
