-------------------- Log Start | Tue May 21 04:16:47 2024 --------------------
platform: Linux-6.1.21-v8+-aarch64-with-glibc2.31
data_path: /home/Oghma/printer_data
is_default_data_path: False
config_file: /home/Oghma/printer_data/config/moonraker.conf
startup_warnings: []
verbose: False
debug: False
asyncio_debug: False
is_backup_config: False
is_python_package: False
instance_uuid: be8a673b2ce84d14935f0ed0a8c797a2
unix_socket_path: /home/Oghma/printer_data/comms/moonraker.sock
software_version: v0.8.0-325-g99b97af
git_branch: master
git_remote: origin
git_repo_url: https://github.com/Arksine/moonraker.git
modified_files: []
unofficial_components: []
log_file: /home/Oghma/printer_data/logs/moonraker.log
python_version: 3.9.2 (default, Feb 28 2021, 17:03:44)  [GCC 10.2.1 20210110]
launch_args: /home/Oghma/moonraker-env/bin/python /home/Oghma/moonraker/moonraker/moonraker.py -d /home/Oghma/printer_data
msgspec_enabled: False
uvloop_enabled: False

#################### Moonraker Configuration ####################

[server]
host = 0.0.0.0
port = 7125
klippy_uds_address = /home/Oghma/printer_data/comms/klippy.sock

[authorization]
trusted_clients = 
	10.0.0.0/8
	127.0.0.0/8
	169.254.0.0/16
	172.16.0.0/12
	192.168.0.0/16
	FE80::/10
	::1/128
cors_domains = 
	*.lan
	*.local
	*://localhost
	*://localhost:*
	*://my.mainsail.xyz
	*://app.fluidd.xyz

[octoprint_compat]

[history]

[update_manager]
channel = dev
refresh_interval = 168

[update_manager fluidd-config]
type = git_repo
primary_branch = master
path = ~/fluidd-config
origin = https://github.com/fluidd-core/fluidd-config.git
managed_services = klipper

[update_manager fluidd]
type = web
channel = stable
repo = fluidd-core/fluidd
path = ~/fluidd

[update_manager crowsnest]
type = git_repo
path = ~/crowsnest
origin = https://github.com/mainsail-crew/crowsnest.git
managed_services = crowsnest
install_script = tools/pkglist.sh

[file_manager]
enable_object_processing = True

#################################################################
All Configuration Files:
/home/Oghma/printer_data/config/moonraker.conf
#################################################################

Database Versions: pylmdb = 1.4.1, lmdb = (0, 9, 29)
Unsafe Shutdown Count: 30

System Info:

***python***
  version: (3, 9, 2, 'final', 0)
  version_string: 3.9.2 (default, Feb 28 2021, 17:03:44)  [GCC 10.2.1 20210110]

***cpu_info***
  cpu_count: 4
  bits: 64bit
  processor: aarch64
  cpu_desc: 
  serial_number: efdbc431
  hardware_desc: BCM2835
  model: Raspberry Pi 3 Model B Plus Rev 1.3
  total_memory: 847632
  memory_units: kB

***sd_info***
  manufacturer_id: 1b
  manufacturer: Samsung
  oem_id: 534d
  product_name: EC1S5
  product_revision: 3.0
  serial_number: 80dd5728
  manufacturer_date: 3/2024
  capacity: 59.7 GiB
  total_bytes: 64088965120

***distribution***
  name: Debian GNU/Linux 11 (bullseye)
  id: debian
  version: 11
  version_parts: {'major': '11', 'minor': '', 'build_number': ''}
  like: 
  codename: bullseye
  release_info: {}
  kernel_version: 6.1.21-v8+

***virtualization***
  virt_type: none
  virt_identifier: none

***network***

***canbus***

***Allowed Services***
  klipper_mcu
  webcamd
  MoonCord
  KlipperScreen
  moonraker-telegram-bot
  moonraker-obico
  sonar
  crowsnest
  octoeverywhere
  ratos-configurator
Found libcamera Python module, version: v0.0.5+83-bde9b04f

Systemd unit moonraker.service:
unit_name: moonraker.service
is_default: True
manager: systemd
Properties:
**Requires=['-.mount', 'network-online.target', 'sysinit.target', 'system.slice']
**After=['-.mount', 'network-online.target', 'systemd-journald.socket', 'basic.target', 'system.slice', 'sysinit.target']
**SupplementaryGroups=['moonraker-admin']
**EnvironmentFiles=/home/Oghma/printer_data/systemd/moonraker.env
**ExecStart=/home/Oghma/moonraker-env/bin/python $MOONRAKER_ARGS
**WorkingDirectory=/home/Oghma/moonraker
**FragmentPath=/etc/systemd/system/moonraker.service
**Description=API Server for Klipper SV1
**User=Oghma

Systemd unit klipper.service:
unit_name: klipper.service
is_default: True
manager: systemd
Properties:
**Requires=['system.slice', 'sysinit.target', '-.mount']
**After=['network-online.target', '-.mount', 'sysinit.target', 'system.slice', 'systemd-journald.socket', 'basic.target']
**SupplementaryGroups=[]
**EnvironmentFiles=/home/Oghma/printer_data/systemd/klipper.env
**ExecStart=/home/Oghma/klippy-env/bin/python $KLIPPER_ARGS
**WorkingDirectory=/home/Oghma/klipper
**FragmentPath=/etc/systemd/system/klipper.service
**Description=Klipper 3D Printer Firmware SV1
**User=Oghma
CPU Throttled Flags: ['Under-Voltage Detected', 'Currently Throttled', 'Previously Under-Volted', 'Previously Throttled']
Git Repo moonraker: No warnings detected
Git Repo klipper: No warnings detected
Git Repo fluidd-config: No warnings detected
Git Repo crowsnest: No warnings detected
Klipper Version: v0.12.0-143-g01c7befa
2024-05-21 00:16:47,115 [authorization.py:_prune_conn_handler()] - Trusted Connection Expired, IP: 192.168.50.192
2024-05-21 00:19:27,770 [server.py:add_log_rollover_item()] - CPU Throttled Flags: ['Previously Under-Volted', 'Previously Throttled', 'Previously Temperature Limited']
2024-05-21 02:46:04,206 [authorization.py:_check_trusted_connection()] - Trusted Connection Detected, IP: 192.168.50.192
2024-05-21 02:46:04,350 [application.py:log_request()] - 101 GET /websocket?token=5ZIZOBEPNDELMV6YY4PGJQMBTABH4IGP (192.168.50.192) [_TRUSTED_USER_] 5.56ms
2024-05-21 02:46:04,351 [websockets.py:open()] - Websocket Opened: ID: 548226463008, Proxied: True, User Agent: Mozilla/5.0 (Windows NT 10.0; Win64; x64; rv:125.0) Gecko/20100101 Firefox/125.0, Host Name: 192.168.50.96
2024-05-21 02:46:04,462 [websockets.py:_handle_identify()] - Websocket 548226463008 Client Identified - Name: fluidd, Version: 1.29.1-fef6e12, Type: web
2024-05-21 02:46:04,464 [file_manager.py:get_file_list()] - Updating File List <config>...
2024-05-21 02:46:34,609 [websockets.py:write_to_socket()] - Websocket closed while writing: 548226463008
2024-05-21 02:46:39,356 [websockets.py:on_close()] - Websocket Closed: ID: 548226463008 Close Code: None, Close Reason: None, Pong Time Elapsed: 35.01
2024-05-21 03:46:47,177 [authorization.py:_prune_conn_handler()] - Trusted Connection Expired, IP: 192.168.50.192
2024-05-21 05:56:07,598 [authorization.py:_check_trusted_connection()] - Trusted Connection Detected, IP: 192.168.50.192
2024-05-21 05:56:07,766 [application.py:log_request()] - 101 GET /websocket?token=UY2KEHHR5YGJR7OZG3LTPCAMVWERZCFQ (192.168.50.192) [_TRUSTED_USER_] 3.44ms
2024-05-21 05:56:07,767 [websockets.py:open()] - Websocket Opened: ID: 548226400464, Proxied: False, User Agent: BBL-Slicer/v01.08.04.51 (dark) Mozilla/5.0 (Windows NT 10.0; Win64; x64) AppleWebKit/537.36 (KHTML, like Gecko) Chrome/107.0.0.0 Safari/537.36 Edg/107.0.1418.52, Host Name: 192.168.50.96
2024-05-21 05:56:07,776 [websockets.py:_handle_identify()] - Websocket 548226400464 Client Identified - Name: fluidd, Version: 1.29.1-fef6e12, Type: web
2024-05-21 05:56:07,778 [file_manager.py:get_file_list()] - Updating File List <config>...
2024-05-21 05:56:09,302 [application.py:log_request()] - 101 GET /websocket?token=2MG5QIR3RENDLWV4U47PEDEVWUALTHNU (192.168.50.192) [_TRUSTED_USER_] 3.16ms
2024-05-21 05:56:09,302 [websockets.py:open()] - Websocket Opened: ID: 548226455632, Proxied: True, User Agent: Mozilla/5.0 (Windows NT 10.0; Win64; x64; rv:125.0) Gecko/20100101 Firefox/125.0, Host Name: 192.168.50.96
2024-05-21 05:56:09,434 [websockets.py:_handle_identify()] - Websocket 548226455632 Client Identified - Name: fluidd, Version: 1.29.1-fef6e12, Type: web
2024-05-21 05:56:09,435 [file_manager.py:get_file_list()] - Updating File List <config>...
