-------------------- Log Start | Thu May 16 04:32:38 2024 --------------------
platform: Linux-6.1.21-v8+-aarch64-with-glibc2.31
data_path: /home/Oghma/printer_data
is_default_data_path: False
config_file: /home/Oghma/printer_data/config/moonraker.conf
startup_warnings: []
verbose: False
debug: False
asyncio_debug: False
is_backup_config: False
is_python_package: False
instance_uuid: be8a673b2ce84d14935f0ed0a8c797a2
unix_socket_path: /home/Oghma/printer_data/comms/moonraker.sock
software_version: v0.8.0-325-g99b97af
git_branch: master
git_remote: origin
git_repo_url: https://github.com/Arksine/moonraker.git
modified_files: []
unofficial_components: []
log_file: /home/Oghma/printer_data/logs/moonraker.log
python_version: 3.9.2 (default, Feb 28 2021, 17:03:44)  [GCC 10.2.1 20210110]
launch_args: /home/Oghma/moonraker-env/bin/python /home/Oghma/moonraker/moonraker/moonraker.py -d /home/Oghma/printer_data
msgspec_enabled: False
uvloop_enabled: False

#################### Moonraker Configuration ####################

[server]
host = 0.0.0.0
port = 7125
klippy_uds_address = /home/Oghma/printer_data/comms/klippy.sock

[authorization]
trusted_clients = 
	10.0.0.0/8
	127.0.0.0/8
	169.254.0.0/16
	172.16.0.0/12
	192.168.0.0/16
	FE80::/10
	::1/128
cors_domains = 
	*.lan
	*.local
	*://localhost
	*://localhost:*
	*://my.mainsail.xyz
	*://app.fluidd.xyz

[octoprint_compat]

[history]

[update_manager]
channel = dev
refresh_interval = 168

[update_manager fluidd-config]
type = git_repo
primary_branch = master
path = ~/fluidd-config
origin = https://github.com/fluidd-core/fluidd-config.git
managed_services = klipper

[update_manager fluidd]
type = web
channel = stable
repo = fluidd-core/fluidd
path = ~/fluidd

[update_manager crowsnest]
type = git_repo
path = ~/crowsnest
origin = https://github.com/mainsail-crew/crowsnest.git
managed_services = crowsnest
install_script = tools/pkglist.sh

[file_manager]
enable_object_processing = True

#################################################################
All Configuration Files:
/home/Oghma/printer_data/config/moonraker.conf
#################################################################

Database Versions: pylmdb = 1.4.1, lmdb = (0, 9, 29)
Unsafe Shutdown Count: 27

System Info:

***python***
  version: (3, 9, 2, 'final', 0)
  version_string: 3.9.2 (default, Feb 28 2021, 17:03:44)  [GCC 10.2.1 20210110]

***cpu_info***
  cpu_count: 4
  bits: 64bit
  processor: aarch64
  cpu_desc: 
  serial_number: efdbc431
  hardware_desc: BCM2835
  model: Raspberry Pi 3 Model B Plus Rev 1.3
  total_memory: 847632
  memory_units: kB

***sd_info***
  manufacturer_id: 1b
  manufacturer: Samsung
  oem_id: 534d
  product_name: EC1S5
  product_revision: 3.0
  serial_number: 80dd5728
  manufacturer_date: 3/2024
  capacity: 59.7 GiB
  total_bytes: 64088965120

***distribution***
  name: Debian GNU/Linux 11 (bullseye)
  id: debian
  version: 11
  version_parts: {'major': '11', 'minor': '', 'build_number': ''}
  like: 
  codename: bullseye
  release_info: {}
  kernel_version: 6.1.21-v8+

***virtualization***
  virt_type: none
  virt_identifier: none

***network***

***canbus***

***Allowed Services***
  klipper_mcu
  webcamd
  MoonCord
  KlipperScreen
  moonraker-telegram-bot
  moonraker-obico
  sonar
  crowsnest
  octoeverywhere
  ratos-configurator
Found libcamera Python module, version: v0.0.5+83-bde9b04f

Systemd unit moonraker.service:
unit_name: moonraker.service
is_default: True
manager: systemd
Properties:
**Requires=['system.slice', '-.mount', 'network-online.target', 'sysinit.target']
**After=['basic.target', 'system.slice', 'network-online.target', 'sysinit.target', '-.mount', 'systemd-journald.socket']
**SupplementaryGroups=['moonraker-admin']
**EnvironmentFiles=/home/Oghma/printer_data/systemd/moonraker.env
**ExecStart=/home/Oghma/moonraker-env/bin/python $MOONRAKER_ARGS
**WorkingDirectory=/home/Oghma/moonraker
**FragmentPath=/etc/systemd/system/moonraker.service
**Description=API Server for Klipper SV1
**User=Oghma

Systemd unit klipper.service:
unit_name: klipper.service
is_default: True
manager: systemd
Properties:
**Requires=['system.slice', '-.mount', 'sysinit.target']
**After=['-.mount', 'sysinit.target', 'systemd-journald.socket', 'system.slice', 'network-online.target', 'basic.target']
**SupplementaryGroups=[]
**EnvironmentFiles=/home/Oghma/printer_data/systemd/klipper.env
**ExecStart=/home/Oghma/klippy-env/bin/python $KLIPPER_ARGS
**WorkingDirectory=/home/Oghma/klipper
**FragmentPath=/etc/systemd/system/klipper.service
**Description=Klipper 3D Printer Firmware SV1
**User=Oghma
Git Repo moonraker: No warnings detected
Git Repo klipper: No warnings detected
Git Repo fluidd-config: No warnings detected
Git Repo crowsnest: No warnings detected
Klipper Version: v0.12.0-143-g01c7befa
2024-05-16 00:32:38,742 [websockets.py:write_to_socket()] - Websocket closed while writing: 548012711360
2024-05-16 00:32:43,712 [websockets.py:on_close()] - Websocket Closed: ID: 548012711360 Close Code: None, Close Reason: None, Pong Time Elapsed: 44.99
2024-05-16 00:33:45,843 [authorization.py:_check_trusted_connection()] - Trusted Connection Detected, IP: 192.168.50.192
2024-05-16 00:33:45,933 [application.py:log_request()] - 101 GET /websocket?token=IVNRNB6B7W6J47TCDBMVY4M4VIPBMFXU (192.168.50.192) [_TRUSTED_USER_] 4.96ms
2024-05-16 00:33:45,934 [websockets.py:open()] - Websocket Opened: ID: 548012335888, Proxied: True, User Agent: Mozilla/5.0 (Windows NT 10.0; Win64; x64; rv:125.0) Gecko/20100101 Firefox/125.0, Host Name: 192.168.50.96
2024-05-16 00:33:45,948 [websockets.py:_handle_identify()] - Websocket 548012335888 Client Identified - Name: fluidd, Version: 1.29.1-fef6e12, Type: web
2024-05-16 00:33:45,950 [file_manager.py:get_file_list()] - Updating File List <config>...
2024-05-16 00:49:35,990 [websockets.py:write_to_socket()] - Websocket closed while writing: 548012335888
2024-05-16 00:49:40,940 [websockets.py:on_close()] - Websocket Closed: ID: 548012335888 Close Code: None, Close Reason: None, Pong Time Elapsed: 44.99
2024-05-16 01:36:08,551 [authorization.py:_prune_conn_handler()] - Trusted Connection Expired, IP: 192.168.50.192
2024-05-16 02:07:53,682 [klippy_connection.py:_process_status_update()] - Klippy has shutdown
2024-05-16 02:07:53,697 [proc_stats.py:_handle_shutdown()] - 
Moonraker System Usage Statistics:
System Time: 1715839644.159811, Usage: 2.1%, Memory: 54080 kB
System Time: 1715839645.162010, Usage: 2.17%, Memory: 54080 kB
System Time: 1715839646.163873, Usage: 2.41%, Memory: 54080 kB
System Time: 1715839647.164102, Usage: 2.42%, Memory: 54080 kB
System Time: 1715839648.168884, Usage: 6.16%, Memory: 54080 kB
System Time: 1715839649.167420, Usage: 2.82%, Memory: 54080 kB
System Time: 1715839650.168713, Usage: 2.44%, Memory: 54080 kB
System Time: 1715839651.168321, Usage: 2.44%, Memory: 54080 kB
System Time: 1715839652.172019, Usage: 2.33%, Memory: 54080 kB
System Time: 1715839653.172036, Usage: 2.58%, Memory: 54080 kB
System Time: 1715839654.171895, Usage: 2.45%, Memory: 54080 kB
System Time: 1715839655.174101, Usage: 2.25%, Memory: 54080 kB
System Time: 1715839656.177229, Usage: 2.19%, Memory: 54080 kB
System Time: 1715839657.179457, Usage: 2.4%, Memory: 54080 kB
System Time: 1715839658.181117, Usage: 6.15%, Memory: 54080 kB
System Time: 1715839659.180058, Usage: 2.42%, Memory: 54080 kB
System Time: 1715839660.181699, Usage: 2.31%, Memory: 54080 kB
System Time: 1715839661.184708, Usage: 2.26%, Memory: 54080 kB
System Time: 1715839662.185628, Usage: 2.54%, Memory: 54080 kB
System Time: 1715839663.185221, Usage: 2.44%, Memory: 54080 kB
System Time: 1715839664.185467, Usage: 2.35%, Memory: 54080 kB
System Time: 1715839665.189745, Usage: 2.11%, Memory: 54080 kB
System Time: 1715839666.183672, Usage: 2.53%, Memory: 54080 kB
System Time: 1715839667.184602, Usage: 1.36%, Memory: 54080 kB
System Time: 1715839668.186480, Usage: 3.21%, Memory: 54080 kB
System Time: 1715839669.188240, Usage: 1.42%, Memory: 54080 kB
System Time: 1715839670.187954, Usage: 1.5%, Memory: 54080 kB
System Time: 1715839671.192837, Usage: 1.47%, Memory: 54080 kB
System Time: 1715839672.193334, Usage: 2.32%, Memory: 54080 kB
System Time: 1715839673.194898, Usage: 2.23%, Memory: 54080 kB
CPU Temperature: 40.242
2024-05-16 02:07:53,701 [proc_stats.py:_handle_shutdown()] - Throttled Flags: 
2024-05-16 02:32:39,196 [server.py:add_log_rollover_item()] - CPU Throttled Flags: ['Previously Temperature Limited']
2024-05-16 05:54:02,466 [authorization.py:_check_trusted_connection()] - Trusted Connection Detected, IP: 192.168.50.192
2024-05-16 05:54:02,684 [application.py:log_request()] - 101 GET /websocket?token=SUSKKICPVPHH3FMSOTBTFT2NOQD6LVO7 (192.168.50.192) [_TRUSTED_USER_] 6.34ms
2024-05-16 05:54:02,686 [websockets.py:open()] - Websocket Opened: ID: 548012711648, Proxied: True, User Agent: Mozilla/5.0 (Windows NT 10.0; Win64; x64; rv:125.0) Gecko/20100101 Firefox/125.0, Host Name: 192.168.50.96
2024-05-16 05:54:02,699 [websockets.py:_handle_identify()] - Websocket 548012711648 Client Identified - Name: fluidd, Version: 1.29.1-fef6e12, Type: web
2024-05-16 05:54:02,700 [file_manager.py:get_file_list()] - Updating File List <config>...
