-------------------- Log Start | Mon May 20 04:16:46 2024 --------------------
platform: Linux-6.1.21-v8+-aarch64-with-glibc2.31
data_path: /home/Oghma/printer_data
is_default_data_path: False
config_file: /home/Oghma/printer_data/config/moonraker.conf
startup_warnings: []
verbose: False
debug: False
asyncio_debug: False
is_backup_config: False
is_python_package: False
instance_uuid: be8a673b2ce84d14935f0ed0a8c797a2
unix_socket_path: /home/Oghma/printer_data/comms/moonraker.sock
software_version: v0.8.0-325-g99b97af
git_branch: master
git_remote: origin
git_repo_url: https://github.com/Arksine/moonraker.git
modified_files: []
unofficial_components: []
log_file: /home/Oghma/printer_data/logs/moonraker.log
python_version: 3.9.2 (default, Feb 28 2021, 17:03:44)  [GCC 10.2.1 20210110]
launch_args: /home/Oghma/moonraker-env/bin/python /home/Oghma/moonraker/moonraker/moonraker.py -d /home/Oghma/printer_data
msgspec_enabled: False
uvloop_enabled: False

#################### Moonraker Configuration ####################

[server]
host = 0.0.0.0
port = 7125
klippy_uds_address = /home/Oghma/printer_data/comms/klippy.sock

[authorization]
trusted_clients = 
	10.0.0.0/8
	127.0.0.0/8
	169.254.0.0/16
	172.16.0.0/12
	192.168.0.0/16
	FE80::/10
	::1/128
cors_domains = 
	*.lan
	*.local
	*://localhost
	*://localhost:*
	*://my.mainsail.xyz
	*://app.fluidd.xyz

[octoprint_compat]

[history]

[update_manager]
channel = dev
refresh_interval = 168

[update_manager fluidd-config]
type = git_repo
primary_branch = master
path = ~/fluidd-config
origin = https://github.com/fluidd-core/fluidd-config.git
managed_services = klipper

[update_manager fluidd]
type = web
channel = stable
repo = fluidd-core/fluidd
path = ~/fluidd

[update_manager crowsnest]
type = git_repo
path = ~/crowsnest
origin = https://github.com/mainsail-crew/crowsnest.git
managed_services = crowsnest
install_script = tools/pkglist.sh

[file_manager]
enable_object_processing = True

#################################################################
All Configuration Files:
/home/Oghma/printer_data/config/moonraker.conf
#################################################################

Database Versions: pylmdb = 1.4.1, lmdb = (0, 9, 29)
Unsafe Shutdown Count: 30

System Info:

***python***
  version: (3, 9, 2, 'final', 0)
  version_string: 3.9.2 (default, Feb 28 2021, 17:03:44)  [GCC 10.2.1 20210110]

***cpu_info***
  cpu_count: 4
  bits: 64bit
  processor: aarch64
  cpu_desc: 
  serial_number: efdbc431
  hardware_desc: BCM2835
  model: Raspberry Pi 3 Model B Plus Rev 1.3
  total_memory: 847632
  memory_units: kB

***sd_info***
  manufacturer_id: 1b
  manufacturer: Samsung
  oem_id: 534d
  product_name: EC1S5
  product_revision: 3.0
  serial_number: 80dd5728
  manufacturer_date: 3/2024
  capacity: 59.7 GiB
  total_bytes: 64088965120

***distribution***
  name: Debian GNU/Linux 11 (bullseye)
  id: debian
  version: 11
  version_parts: {'major': '11', 'minor': '', 'build_number': ''}
  like: 
  codename: bullseye
  release_info: {}
  kernel_version: 6.1.21-v8+

***virtualization***
  virt_type: none
  virt_identifier: none

***network***

***canbus***

***Allowed Services***
  klipper_mcu
  webcamd
  MoonCord
  KlipperScreen
  moonraker-telegram-bot
  moonraker-obico
  sonar
  crowsnest
  octoeverywhere
  ratos-configurator
Found libcamera Python module, version: v0.0.5+83-bde9b04f

Systemd unit moonraker.service:
unit_name: moonraker.service
is_default: True
manager: systemd
Properties:
**Requires=['-.mount', 'network-online.target', 'sysinit.target', 'system.slice']
**After=['-.mount', 'network-online.target', 'systemd-journald.socket', 'basic.target', 'system.slice', 'sysinit.target']
**SupplementaryGroups=['moonraker-admin']
**EnvironmentFiles=/home/Oghma/printer_data/systemd/moonraker.env
**ExecStart=/home/Oghma/moonraker-env/bin/python $MOONRAKER_ARGS
**WorkingDirectory=/home/Oghma/moonraker
**FragmentPath=/etc/systemd/system/moonraker.service
**Description=API Server for Klipper SV1
**User=Oghma

Systemd unit klipper.service:
unit_name: klipper.service
is_default: True
manager: systemd
Properties:
**Requires=['system.slice', 'sysinit.target', '-.mount']
**After=['network-online.target', '-.mount', 'sysinit.target', 'system.slice', 'systemd-journald.socket', 'basic.target']
**SupplementaryGroups=[]
**EnvironmentFiles=/home/Oghma/printer_data/systemd/klipper.env
**ExecStart=/home/Oghma/klippy-env/bin/python $KLIPPER_ARGS
**WorkingDirectory=/home/Oghma/klipper
**FragmentPath=/etc/systemd/system/klipper.service
**Description=Klipper 3D Printer Firmware SV1
**User=Oghma
CPU Throttled Flags: ['Under-Voltage Detected', 'Currently Throttled', 'Previously Under-Volted', 'Previously Throttled']
Git Repo moonraker: No warnings detected
Git Repo klipper: No warnings detected
Git Repo fluidd-config: No warnings detected
Git Repo crowsnest: No warnings detected
Klipper Version: v0.12.0-143-g01c7befa
2024-05-20 00:16:46,692 [authorization.py:_prune_conn_handler()] - Trusted Connection Expired, IP: 192.168.50.192
2024-05-20 02:29:20,562 [authorization.py:_check_trusted_connection()] - Trusted Connection Detected, IP: 192.168.50.192
2024-05-20 02:29:20,639 [application.py:log_request()] - 101 GET /websocket?token=7TWM5IBSHV2AZIS4T7AIRRB6XYCPO2EQ (192.168.50.192) [_TRUSTED_USER_] 5.56ms
2024-05-20 02:29:20,640 [websockets.py:open()] - Websocket Opened: ID: 548226711024, Proxied: True, User Agent: Mozilla/5.0 (Windows NT 10.0; Win64; x64; rv:125.0) Gecko/20100101 Firefox/125.0, Host Name: 192.168.50.96
2024-05-20 02:29:20,793 [websockets.py:_handle_identify()] - Websocket 548226711024 Client Identified - Name: fluidd, Version: 1.29.1-fef6e12, Type: web
2024-05-20 02:29:20,795 [file_manager.py:get_file_list()] - Updating File List <config>...
2024-05-20 02:29:50,867 [websockets.py:write_to_socket()] - Websocket closed while writing: 548226711024
2024-05-20 02:29:55,647 [websockets.py:on_close()] - Websocket Closed: ID: 548226711024 Close Code: None, Close Reason: None, Pong Time Elapsed: 35.01
2024-05-20 03:31:46,743 [authorization.py:_prune_conn_handler()] - Trusted Connection Expired, IP: 192.168.50.192
2024-05-20 17:27:03,964 [authorization.py:_check_trusted_connection()] - Trusted Connection Detected, IP: 192.168.50.192
2024-05-20 17:27:04,290 [application.py:log_request()] - 101 GET /websocket?token=45Z3KMDPS3RCPJZ6JGKVKX766JNWXMWQ (192.168.50.192) [_TRUSTED_USER_] 6.12ms
2024-05-20 17:27:04,292 [websockets.py:open()] - Websocket Opened: ID: 548226748320, Proxied: True, User Agent: Mozilla/5.0 (Windows NT 10.0; Win64; x64; rv:125.0) Gecko/20100101 Firefox/125.0, Host Name: 192.168.50.96
2024-05-20 17:27:04,340 [websockets.py:_handle_identify()] - Websocket 548226748320 Client Identified - Name: fluidd, Version: 1.29.1-fef6e12, Type: web
2024-05-20 17:27:04,342 [file_manager.py:get_file_list()] - Updating File List <config>...
2024-05-20 17:35:44,945 [application.py:log_request()] - 101 GET /websocket?token=V4RYPXBR3RWZHZY3CYG4CGJUEHU7ZYDC (192.168.50.192) [_TRUSTED_USER_] 5.29ms
2024-05-20 17:35:44,947 [websockets.py:open()] - Websocket Opened: ID: 548226709248, Proxied: False, User Agent: BBL-Slicer/v01.08.04.51 (dark) Mozilla/5.0 (Windows NT 10.0; Win64; x64) AppleWebKit/537.36 (KHTML, like Gecko) Chrome/107.0.0.0 Safari/537.36 Edg/107.0.1418.52, Host Name: 192.168.50.96
2024-05-20 17:35:44,963 [websockets.py:_handle_identify()] - Websocket 548226709248 Client Identified - Name: fluidd, Version: 1.29.1-fef6e12, Type: web
2024-05-20 17:35:44,965 [file_manager.py:get_file_list()] - Updating File List <config>...
2024-05-20 17:36:16,109 [application.py:prepare()] - Upload Request Received from 192.168.50.192
Content-Type: multipart/form-data; boundary=------------------------1baae142123bc841
2024-05-20 17:36:18,158 [application.py:post()] - Processing Uploaded File: BTT HDMI5 Display Case Symmetric_ABS_3h38m.gcode
2024-05-20 17:36:19,480 [shell_command.py:pipe_data_received()] - INFO:metadata:Object Processing is enabled

2024-05-20 17:36:19,536 [shell_command.py:pipe_data_received()] - INFO:metadata:File 'BTT HDMI5 Display Case Symmetric_ABS_3h38m.gcode' currently supports cancellation, processing aborted

2024-05-20 17:36:19,893 [shell_command.py:_check_proc_success()] - Command (/home/Oghma/moonraker-env/bin/python /home/Oghma/moonraker/moonraker/components/file_manager/metadata.py -p /home/Oghma/printer_data/gcodes -f "BTT HDMI5 Display Case Symmetric_ABS_3h38m.gcode" --check-objects) successfully finished
2024-05-20 17:36:19,927 [application.py:log_request()] - 201 POST /api/files/local (192.168.50.192) [_TRUSTED_USER_] 3821.88ms
2024-05-20 17:36:20,150 [job_state.py:_status_update()] - Job Started: BTT HDMI5 Display Case Symmetric_ABS_3h38m.gcode
2024-05-20 17:37:48,009 [klippy_connection.py:wait()] - Request 'gcode/script' pending: 60.00 seconds
2024-05-20 17:38:48,012 [klippy_connection.py:wait()] - Request 'gcode/script' pending: 120.00 seconds
2024-05-20 17:39:48,015 [klippy_connection.py:wait()] - Request 'gcode/script' pending: 180.01 seconds
2024-05-20 18:06:53,996 [websockets.py:on_close()] - Websocket Closed: ID: 548226709248 Close Code: None, Close Reason: None, Pong Time Elapsed: 9.04
2024-05-20 18:07:34,319 [websockets.py:write_to_socket()] - Websocket closed while writing: 548226748320
2024-05-20 18:07:39,298 [websockets.py:on_close()] - Websocket Closed: ID: 548226748320 Close Code: None, Close Reason: None, Pong Time Elapsed: 44.99
2024-05-20 18:36:47,019 [authorization.py:_prune_conn_handler()] - Trusted Connection Expired, IP: 192.168.50.192
2024-05-20 20:03:05,090 [authorization.py:_check_trusted_connection()] - Trusted Connection Detected, IP: 192.168.50.192
2024-05-20 20:03:05,522 [application.py:log_request()] - 101 GET /websocket?token=7KTJWBJGEH37NQ7CB6TWUD7A6IE622P3 (192.168.50.192) [_TRUSTED_USER_] 3.69ms
2024-05-20 20:03:05,523 [websockets.py:open()] - Websocket Opened: ID: 548226914912, Proxied: False, User Agent: BBL-Slicer/v01.08.04.51 (dark) Mozilla/5.0 (Windows NT 10.0; Win64; x64) AppleWebKit/537.36 (KHTML, like Gecko) Chrome/107.0.0.0 Safari/537.36 Edg/107.0.1418.52, Host Name: 192.168.50.96
2024-05-20 20:03:05,537 [websockets.py:_handle_identify()] - Websocket 548226914912 Client Identified - Name: fluidd, Version: 1.29.1-fef6e12, Type: web
2024-05-20 20:03:05,538 [file_manager.py:get_file_list()] - Updating File List <config>...
2024-05-20 20:03:05,764 [application.py:log_request()] - 101 GET /websocket?token=UKKN7YN6EKICMYK72GHK5CDJBO64EDFS (192.168.50.192) [_TRUSTED_USER_] 3.34ms
2024-05-20 20:03:05,765 [websockets.py:open()] - Websocket Opened: ID: 548252976608, Proxied: True, User Agent: Mozilla/5.0 (Windows NT 10.0; Win64; x64; rv:125.0) Gecko/20100101 Firefox/125.0, Host Name: 192.168.50.96
2024-05-20 20:03:07,458 [websockets.py:_handle_identify()] - Websocket 548252976608 Client Identified - Name: fluidd, Version: 1.29.1-fef6e12, Type: web
2024-05-20 20:03:07,459 [file_manager.py:get_file_list()] - Updating File List <config>...
2024-05-20 20:16:39,151 [klippy_connection.py:_process_status_update()] - Klippy has shutdown
2024-05-20 20:16:39,180 [proc_stats.py:_handle_shutdown()] - 
Moonraker System Usage Statistics:
System Time: 1716250570.035179, Usage: 2.49%, Memory: 54396 kB
System Time: 1716250571.038149, Usage: 2.41%, Memory: 54396 kB
System Time: 1716250572.042521, Usage: 2.13%, Memory: 54396 kB
System Time: 1716250573.042769, Usage: 5.01%, Memory: 54396 kB
System Time: 1716250574.051778, Usage: 2.88%, Memory: 54396 kB
System Time: 1716250575.053154, Usage: 4.53%, Memory: 54396 kB
System Time: 1716250576.056644, Usage: 4.76%, Memory: 54396 kB
System Time: 1716250577.056484, Usage: 4.45%, Memory: 54396 kB
System Time: 1716250578.059863, Usage: 4.23%, Memory: 54396 kB
System Time: 1716250579.056262, Usage: 4.4%, Memory: 54396 kB
System Time: 1716250580.057240, Usage: 4.11%, Memory: 54396 kB
System Time: 1716250581.059123, Usage: 4.02%, Memory: 54396 kB
System Time: 1716250582.060254, Usage: 4.11%, Memory: 54396 kB
System Time: 1716250583.063358, Usage: 7.58%, Memory: 54396 kB
System Time: 1716250584.063217, Usage: 4.15%, Memory: 54396 kB
System Time: 1716250585.066339, Usage: 4.08%, Memory: 54396 kB
System Time: 1716250586.066630, Usage: 5.2%, Memory: 54396 kB
System Time: 1716250587.062453, Usage: 3.5%, Memory: 54396 kB
System Time: 1716250588.063848, Usage: 2.28%, Memory: 54396 kB
System Time: 1716250589.066598, Usage: 2.48%, Memory: 54396 kB
System Time: 1716250590.067842, Usage: 2.44%, Memory: 54396 kB
System Time: 1716250591.069840, Usage: 2.47%, Memory: 54396 kB
System Time: 1716250592.073699, Usage: 2.88%, Memory: 54396 kB
System Time: 1716250593.079430, Usage: 7.1%, Memory: 54396 kB
System Time: 1716250594.078991, Usage: 4.19%, Memory: 54396 kB
System Time: 1716250595.078732, Usage: 4.2%, Memory: 54396 kB
System Time: 1716250596.081250, Usage: 4.74%, Memory: 54396 kB
System Time: 1716250597.081204, Usage: 4.04%, Memory: 54396 kB
System Time: 1716250598.084228, Usage: 3.92%, Memory: 54396 kB
System Time: 1716250599.079568, Usage: 4.75%, Memory: 54396 kB
CPU Temperature: 39.704
2024-05-20 20:16:39,188 [proc_stats.py:_handle_shutdown()] - Throttled Flags: Under-Voltage Detected Currently Throttled Previously Under-Volted Previously Throttled
