-------------------- Log Start | Tue May  7 05:01:50 2024 --------------------
platform: Linux-6.1.21-v8+-aarch64-with-glibc2.31
data_path: /home/Oghma/printer_data
is_default_data_path: False
config_file: /home/Oghma/printer_data/config/moonraker.conf
startup_warnings: []
verbose: False
debug: False
asyncio_debug: False
is_backup_config: False
is_python_package: False
instance_uuid: be8a673b2ce84d14935f0ed0a8c797a2
unix_socket_path: /home/Oghma/printer_data/comms/moonraker.sock
software_version: v0.8.0-325-g99b97af
git_branch: master
git_remote: origin
git_repo_url: https://github.com/Arksine/moonraker.git
modified_files: []
unofficial_components: []
log_file: /home/Oghma/printer_data/logs/moonraker.log
python_version: 3.9.2 (default, Feb 28 2021, 17:03:44)  [GCC 10.2.1 20210110]
launch_args: /home/Oghma/moonraker-env/bin/python /home/Oghma/moonraker/moonraker/moonraker.py -d /home/Oghma/printer_data
msgspec_enabled: False
uvloop_enabled: False

#################### Moonraker Configuration ####################

[server]
host = 0.0.0.0
port = 7125
klippy_uds_address = /home/Oghma/printer_data/comms/klippy.sock

[authorization]
trusted_clients = 
	10.0.0.0/8
	127.0.0.0/8
	169.254.0.0/16
	172.16.0.0/12
	192.168.0.0/16
	FE80::/10
	::1/128
cors_domains = 
	*.lan
	*.local
	*://localhost
	*://localhost:*
	*://my.mainsail.xyz
	*://app.fluidd.xyz

[octoprint_compat]

[history]

[update_manager]
channel = dev
refresh_interval = 168

[update_manager fluidd-config]
type = git_repo
primary_branch = master
path = ~/fluidd-config
origin = https://github.com/fluidd-core/fluidd-config.git
managed_services = klipper

[update_manager fluidd]
type = web
channel = stable
repo = fluidd-core/fluidd
path = ~/fluidd

[update_manager crowsnest]
type = git_repo
path = ~/crowsnest
origin = https://github.com/mainsail-crew/crowsnest.git
managed_services = crowsnest
install_script = tools/pkglist.sh

[file_manager]
enable_object_processing = True

#################################################################
All Configuration Files:
/home/Oghma/printer_data/config/moonraker.conf
#################################################################

Database Versions: pylmdb = 1.4.1, lmdb = (0, 9, 29)
Unsafe Shutdown Count: 20

System Info:

***python***
  version: (3, 9, 2, 'final', 0)
  version_string: 3.9.2 (default, Feb 28 2021, 17:03:44)  [GCC 10.2.1 20210110]

***cpu_info***
  cpu_count: 4
  bits: 64bit
  processor: aarch64
  cpu_desc: 
  serial_number: efdbc431
  hardware_desc: BCM2835
  model: Raspberry Pi 3 Model B Plus Rev 1.3
  total_memory: 847632
  memory_units: kB

***sd_info***
  manufacturer_id: 1b
  manufacturer: Samsung
  oem_id: 534d
  product_name: EC1S5
  product_revision: 3.0
  serial_number: 80dd5728
  manufacturer_date: 3/2024
  capacity: 59.7 GiB
  total_bytes: 64088965120

***distribution***
  name: Debian GNU/Linux 11 (bullseye)
  id: debian
  version: 11
  version_parts: {'major': '11', 'minor': '', 'build_number': ''}
  like: 
  codename: bullseye
  release_info: {}
  kernel_version: 6.1.21-v8+

***virtualization***
  virt_type: none
  virt_identifier: none

***network***

***canbus***

***Allowed Services***
  klipper_mcu
  webcamd
  MoonCord
  KlipperScreen
  moonraker-telegram-bot
  moonraker-obico
  sonar
  crowsnest
  octoeverywhere
  ratos-configurator
Found libcamera Python module, version: v0.0.5+83-bde9b04f

Systemd unit moonraker.service:
unit_name: moonraker.service
is_default: True
manager: systemd
Properties:
**Requires=['network-online.target', '-.mount', 'sysinit.target', 'system.slice']
**After=['sysinit.target', 'basic.target', 'systemd-journald.socket', 'system.slice', 'network-online.target', '-.mount']
**SupplementaryGroups=['moonraker-admin']
**EnvironmentFiles=/home/Oghma/printer_data/systemd/moonraker.env
**ExecStart=/home/Oghma/moonraker-env/bin/python $MOONRAKER_ARGS
**WorkingDirectory=/home/Oghma/moonraker
**FragmentPath=/etc/systemd/system/moonraker.service
**Description=API Server for Klipper SV1
**User=Oghma

Systemd unit klipper.service:
unit_name: klipper.service
is_default: True
manager: systemd
Properties:
**Requires=['-.mount', 'sysinit.target', 'system.slice']
**After=['sysinit.target', '-.mount', 'systemd-journald.socket', 'network-online.target', 'basic.target', 'system.slice']
**SupplementaryGroups=[]
**EnvironmentFiles=/home/Oghma/printer_data/systemd/klipper.env
**ExecStart=/home/Oghma/klippy-env/bin/python $KLIPPER_ARGS
**WorkingDirectory=/home/Oghma/klipper
**FragmentPath=/etc/systemd/system/klipper.service
**Description=Klipper 3D Printer Firmware SV1
**User=Oghma
Git Repo moonraker: No warnings detected
Git Repo klipper: Warnings detected:
  Repo has untracked source files: ['klippy/extras/gcode_shell_command.py']
Git Repo fluidd-config: No warnings detected
Git Repo crowsnest: No warnings detected
Klipper Version: v0.12.0-143-g01c7befa-dirty
2024-05-07 01:01:50,845 [authorization.py:_check_trusted_connection()] - Trusted Connection Detected, IP: 192.168.50.192
2024-05-07 01:01:51,127 [application.py:log_request()] - 101 GET /websocket?token=AYJLOON6HNJ2KP3E3QKJWZEYF3QHLEXR (192.168.50.192) [_TRUSTED_USER_] 6.66ms
2024-05-07 01:01:51,129 [websockets.py:open()] - Websocket Opened: ID: 548549706368, Proxied: True, User Agent: BBL-Slicer/v01.08.04.51 (dark) Mozilla/5.0 (Windows NT 10.0; Win64; x64) AppleWebKit/537.36 (KHTML, like Gecko) Chrome/107.0.0.0 Safari/537.36 Edg/107.0.1418.52, Host Name: 192.168.50.101
2024-05-07 01:01:51,142 [websockets.py:_handle_identify()] - Websocket 548549706368 Client Identified - Name: fluidd, Version: 1.29.1-fef6e12, Type: web
2024-05-07 01:01:51,144 [file_manager.py:get_file_list()] - Updating File List <config>...
2024-05-07 01:01:57,512 [websockets.py:on_close()] - Websocket Closed: ID: 548549706368 Close Code: 1001, Close Reason: None, Pong Time Elapsed: 6.39
2024-05-07 01:01:58,014 [application.py:log_request()] - 101 GET /websocket?token=I5H2NR5MMO3KGHYNFM7BSTWPYMSPL2FK (192.168.50.192) [_TRUSTED_USER_] 5.53ms
2024-05-07 01:01:58,016 [websockets.py:open()] - Websocket Opened: ID: 548550935552, Proxied: True, User Agent: BBL-Slicer/v01.08.04.51 (dark) Mozilla/5.0 (Windows NT 10.0; Win64; x64) AppleWebKit/537.36 (KHTML, like Gecko) Chrome/107.0.0.0 Safari/537.36 Edg/107.0.1418.52, Host Name: 192.168.50.101
2024-05-07 01:01:58,033 [websockets.py:_handle_identify()] - Websocket 548550935552 Client Identified - Name: fluidd, Version: 1.29.1-fef6e12, Type: web
2024-05-07 01:01:58,035 [file_manager.py:get_file_list()] - Updating File List <config>...
2024-05-07 01:01:58,339 [websockets.py:on_close()] - Websocket Closed: ID: 548550935552 Close Code: 1001, Close Reason: None, Pong Time Elapsed: 0.33
2024-05-07 01:01:58,623 [application.py:log_request()] - 101 GET /websocket?token=VG3ZZXTBXM24ICE3UVNEJ3TWFU3OQAW3 (192.168.50.192) [_TRUSTED_USER_] 5.57ms
2024-05-07 01:01:58,624 [websockets.py:open()] - Websocket Opened: ID: 548548563344, Proxied: True, User Agent: BBL-Slicer/v01.08.04.51 (dark) Mozilla/5.0 (Windows NT 10.0; Win64; x64) AppleWebKit/537.36 (KHTML, like Gecko) Chrome/107.0.0.0 Safari/537.36 Edg/107.0.1418.52, Host Name: 192.168.50.101
2024-05-07 01:01:58,637 [websockets.py:_handle_identify()] - Websocket 548548563344 Client Identified - Name: fluidd, Version: 1.29.1-fef6e12, Type: web
2024-05-07 01:01:58,638 [file_manager.py:get_file_list()] - Updating File List <config>...
2024-05-07 01:01:59,077 [websockets.py:on_close()] - Websocket Closed: ID: 548548563344 Close Code: 1001, Close Reason: None, Pong Time Elapsed: 0.46
2024-05-07 01:01:59,253 [application.py:log_request()] - 101 GET /websocket?token=ZUIAANIIZOV3FVWYSPITNJSRS232QB6O (192.168.50.192) [_TRUSTED_USER_] 3.07ms
2024-05-07 01:01:59,253 [websockets.py:open()] - Websocket Opened: ID: 548548419104, Proxied: True, User Agent: BBL-Slicer/v01.08.04.51 (dark) Mozilla/5.0 (Windows NT 10.0; Win64; x64) AppleWebKit/537.36 (KHTML, like Gecko) Chrome/107.0.0.0 Safari/537.36 Edg/107.0.1418.52, Host Name: 192.168.50.101
2024-05-07 01:01:59,267 [websockets.py:_handle_identify()] - Websocket 548548419104 Client Identified - Name: fluidd, Version: 1.29.1-fef6e12, Type: web
2024-05-07 01:01:59,268 [file_manager.py:get_file_list()] - Updating File List <config>...
2024-05-07 01:35:38,009 [application.py:prepare()] - Upload Request Received from 192.168.50.192
Content-Type: multipart/form-data; boundary=------------------------87b3a59e912608b5
2024-05-07 01:35:42,289 [application.py:post()] - Processing Uploaded File: SB_CW2_Body_ABS_3h27m.gcode
2024-05-07 01:35:42,730 [shell_command.py:pipe_data_received()] - INFO:metadata:Object Processing is enabled

2024-05-07 01:35:42,757 [shell_command.py:pipe_data_received()] - INFO:metadata:File 'SB_CW2_Body_ABS_3h27m.gcode' currently supports cancellation, processing aborted

2024-05-07 01:35:42,977 [shell_command.py:_check_proc_success()] - Command (/home/Oghma/moonraker-env/bin/python /home/Oghma/moonraker/moonraker/components/file_manager/metadata.py -p /home/Oghma/printer_data/gcodes -f "SB_CW2_Body_ABS_3h27m.gcode" --check-objects) successfully finished
2024-05-07 01:35:42,986 [application.py:log_request()] - 201 POST /api/files/local (192.168.50.192) [_API_KEY_USER_] 4980.00ms
2024-05-07 01:44:33,845 [application.py:prepare()] - Upload Request Received from 192.168.50.192
Content-Type: multipart/form-data; boundary=------------------------b831ecc2c4769254
2024-05-07 01:46:10,181 [application.py:prepare()] - Upload Request Received from 192.168.50.192
Content-Type: multipart/form-data; boundary=------------------------796cea106efda7cc
2024-05-07 01:46:20,286 [application.py:post()] - Processing Uploaded File: SB_CW2_Body_ABS_8h30m.gcode
2024-05-07 01:46:20,757 [shell_command.py:pipe_data_received()] - INFO:metadata:Object Processing is enabled

2024-05-07 01:46:20,785 [shell_command.py:pipe_data_received()] - INFO:metadata:File 'SB_CW2_Body_ABS_8h30m.gcode' currently supports cancellation, processing aborted

2024-05-07 01:46:21,010 [shell_command.py:_check_proc_success()] - Command (/home/Oghma/moonraker-env/bin/python /home/Oghma/moonraker/moonraker/components/file_manager/metadata.py -p /home/Oghma/printer_data/gcodes -f "SB_CW2_Body_ABS_8h30m.gcode" --check-objects) successfully finished
2024-05-07 01:46:21,041 [application.py:log_request()] - 201 POST /api/files/local (192.168.50.192) [_API_KEY_USER_] 10863.04ms
2024-05-07 01:46:21,085 [job_state.py:_status_update()] - Job Started: SB_CW2_Body_ABS_8h30m.gcode
2024-05-07 01:47:05,168 [websockets.py:on_close()] - Websocket Closed: ID: 548548419104 Close Code: None, Close Reason: None, Pong Time Elapsed: 5.90
2024-05-07 01:47:38,095 [websockets.py:write_to_socket()] - Websocket closed while writing: 548549708240
2024-05-07 01:47:42,943 [websockets.py:on_close()] - Websocket Closed: ID: 548549708240 Close Code: None, Close Reason: None, Pong Time Elapsed: 44.98
2024-05-07 02:46:00,740 [klippy_connection.py:_process_status_update()] - Klippy has shutdown
2024-05-07 02:46:00,749 [proc_stats.py:_handle_shutdown()] - 
Moonraker System Usage Statistics:
System Time: 1715064330.871173, Usage: 1.38%, Memory: 54568 kB
System Time: 1715064331.872098, Usage: 1.52%, Memory: 54568 kB
System Time: 1715064332.872928, Usage: 1.46%, Memory: 54568 kB
System Time: 1715064333.873174, Usage: 1.35%, Memory: 54568 kB
System Time: 1715064334.873973, Usage: 1.32%, Memory: 54568 kB
System Time: 1715064335.874902, Usage: 1.33%, Memory: 54568 kB
System Time: 1715064336.882256, Usage: 3.71%, Memory: 54568 kB
System Time: 1715064337.884889, Usage: 2.34%, Memory: 54568 kB
System Time: 1715064338.879317, Usage: 2.1%, Memory: 54568 kB
System Time: 1715064339.881484, Usage: 1.37%, Memory: 54568 kB
System Time: 1715064340.882026, Usage: 1.47%, Memory: 54568 kB
System Time: 1715064341.883276, Usage: 1.38%, Memory: 54568 kB
System Time: 1715064342.885204, Usage: 1.41%, Memory: 54568 kB
System Time: 1715064343.889971, Usage: 1.63%, Memory: 54568 kB
System Time: 1715064344.891282, Usage: 2.39%, Memory: 54568 kB
System Time: 1715064345.887435, Usage: 2.04%, Memory: 54568 kB
System Time: 1715064346.889493, Usage: 3.3%, Memory: 54568 kB
System Time: 1715064347.890396, Usage: 1.41%, Memory: 54568 kB
System Time: 1715064348.891014, Usage: 1.4%, Memory: 54568 kB
System Time: 1715064349.892018, Usage: 1.31%, Memory: 54568 kB
System Time: 1715064350.898246, Usage: 1.69%, Memory: 54568 kB
System Time: 1715064351.894745, Usage: 2.26%, Memory: 54568 kB
System Time: 1715064352.895272, Usage: 1.42%, Memory: 54568 kB
System Time: 1715064353.896567, Usage: 1.46%, Memory: 54568 kB
System Time: 1715064354.897403, Usage: 1.44%, Memory: 54568 kB
System Time: 1715064355.898925, Usage: 1.4%, Memory: 54568 kB
System Time: 1715064356.907751, Usage: 3.56%, Memory: 54568 kB
System Time: 1715064357.906228, Usage: 2.62%, Memory: 54568 kB
System Time: 1715064358.902169, Usage: 2.1%, Memory: 54568 kB
System Time: 1715064359.902905, Usage: 1.36%, Memory: 54568 kB
CPU Temperature: 40.242
2024-05-07 02:46:00,752 [proc_stats.py:_handle_shutdown()] - Throttled Flags: 
2024-05-07 02:48:34,741 [authorization.py:_prune_conn_handler()] - Trusted Connection Expired, IP: 192.168.50.192
2024-05-07 04:47:13,190 [authorization.py:_check_trusted_connection()] - Trusted Connection Detected, IP: 192.168.50.192
2024-05-07 04:47:13,234 [application.py:log_request()] - 101 GET /websocket?token=KN3WC546VIJOKKXWW3OHZTXU4NM7NBZK (192.168.50.192) [_TRUSTED_USER_] 5.72ms
2024-05-07 04:47:13,235 [websockets.py:open()] - Websocket Opened: ID: 548550938048, Proxied: True, User Agent: Mozilla/5.0 (Windows NT 10.0; Win64; x64; rv:125.0) Gecko/20100101 Firefox/125.0, Host Name: 192.168.50.101
2024-05-07 04:47:13,251 [websockets.py:_handle_identify()] - Websocket 548550938048 Client Identified - Name: fluidd, Version: 1.29.1-fef6e12, Type: web
2024-05-07 04:47:13,254 [file_manager.py:get_file_list()] - Updating File List <config>...
2024-05-07 04:47:43,609 [websockets.py:write_to_socket()] - Websocket closed while writing: 548550938048
2024-05-07 04:47:48,243 [websockets.py:on_close()] - Websocket Closed: ID: 548550938048 Close Code: None, Close Reason: None, Pong Time Elapsed: 35.01
2024-05-07 05:30:43,410 [application.py:log_request()] - 101 GET /websocket?token=VOMGQH2RJLUIVESORSSSUUS57LQ2E5IK (192.168.50.192) [_TRUSTED_USER_] 6.49ms
2024-05-07 05:30:43,411 [websockets.py:open()] - Websocket Opened: ID: 548548417376, Proxied: True, User Agent: BBL-Slicer/v01.08.04.51 (dark) Mozilla/5.0 (Windows NT 10.0; Win64; x64) AppleWebKit/537.36 (KHTML, like Gecko) Chrome/107.0.0.0 Safari/537.36 Edg/107.0.1418.52, Host Name: 192.168.50.101
2024-05-07 05:30:43,437 [websockets.py:_handle_identify()] - Websocket 548548417376 Client Identified - Name: fluidd, Version: 1.29.1-fef6e12, Type: web
2024-05-07 05:30:43,439 [file_manager.py:get_file_list()] - Updating File List <config>...
2024-05-07 05:30:44,913 [application.py:log_request()] - 101 GET /websocket?token=REWX7OVLCI2WAD6XUFBQQIRLXBA7A5P6 (192.168.50.192) [_TRUSTED_USER_] 3.23ms
2024-05-07 05:30:44,914 [websockets.py:open()] - Websocket Opened: ID: 548548566944, Proxied: True, User Agent: Mozilla/5.0 (Windows NT 10.0; Win64; x64; rv:125.0) Gecko/20100101 Firefox/125.0, Host Name: 192.168.50.101
2024-05-07 05:30:44,992 [websockets.py:_handle_identify()] - Websocket 548548566944 Client Identified - Name: fluidd, Version: 1.29.1-fef6e12, Type: web
2024-05-07 05:30:44,993 [file_manager.py:get_file_list()] - Updating File List <config>...
2024-05-07 05:36:10,509 [klippy_connection.py:_on_connection_closed()] - Klippy Connection Removed
2024-05-07 05:36:10,606 [common.py:build_error()] - JSON-RPC Request Error - Requested Method: printer.info, Code: 503, Message: Klippy Host not connected
2024-05-07 05:36:10,670 [common.py:build_error()] - JSON-RPC Request Error - Requested Method: printer.info, Code: 503, Message: Klippy Host not connected
2024-05-07 05:36:10,685 [common.py:build_error()] - JSON-RPC Request Error - Requested Method: printer.info, Code: 503, Message: Klippy Host not connected
2024-05-07 05:36:11,786 [klippy_connection.py:_do_connect()] - Klippy Connection Established
2024-05-07 05:37:49,421 [klippy_connection.py:_request_initial_subscriptions()] - Webhooks Subscribed
2024-05-07 05:37:49,426 [klippy_connection.py:_request_initial_subscriptions()] - GCode Output Subscribed
2024-05-07 05:37:49,433 [klippy_connection.py:_check_ready()] - 
mcu 'SB2209': Unable to connect
Once the underlying issue is corrected, use the
"FIRMWARE_RESTART" command to reset the firmware, reload the
config, and restart the host software.
Error configuring printer

2024-05-07 05:39:11,317 [klippy_connection.py:_on_connection_closed()] - Klippy Connection Removed
2024-05-07 05:39:11,416 [common.py:build_error()] - JSON-RPC Request Error - Requested Method: printer.info, Code: 503, Message: Klippy Host not connected
2024-05-07 05:39:11,449 [common.py:build_error()] - JSON-RPC Request Error - Requested Method: printer.info, Code: 503, Message: Klippy Host not connected
2024-05-07 05:39:12,587 [klippy_connection.py:_do_connect()] - Klippy Connection Established
2024-05-07 05:40:45,250 [klippy_connection.py:_request_initial_subscriptions()] - Webhooks Subscribed
2024-05-07 05:40:45,255 [klippy_connection.py:_request_initial_subscriptions()] - GCode Output Subscribed
2024-05-07 05:40:45,262 [klippy_connection.py:_check_ready()] - 
mcu 'SB2209': Unable to connect
Once the underlying issue is corrected, use the
"FIRMWARE_RESTART" command to reset the firmware, reload the
config, and restart the host software.
Error configuring printer

2024-05-07 05:44:32,395 [klippy_connection.py:_on_connection_closed()] - Klippy Connection Removed
2024-05-07 05:44:32,504 [common.py:build_error()] - JSON-RPC Request Error - Requested Method: printer.info, Code: 503, Message: Klippy Host not connected
2024-05-07 05:44:32,565 [common.py:build_error()] - JSON-RPC Request Error - Requested Method: printer.info, Code: 503, Message: Klippy Host not connected
2024-05-07 05:44:33,657 [klippy_connection.py:_do_connect()] - Klippy Connection Established
2024-05-07 05:44:47,241 [klippy_connection.py:_on_connection_closed()] - Klippy Connection Removed
2024-05-07 05:44:47,279 [common.py:build_error()] - JSON-RPC Request Error - Requested Method: printer.info, Code: 503, Message: Klippy Host not connected
2024-05-07 05:44:47,305 [common.py:build_error()] - JSON-RPC Request Error - Requested Method: printer.info, Code: 503, Message: Klippy Host not connected
2024-05-07 05:44:48,510 [klippy_connection.py:_do_connect()] - Klippy Connection Established
2024-05-07 05:44:59,977 [server.py:_handle_term_signal()] - Exiting with signal SIGTERM
2024-05-07 05:45:00,063 [klippy_connection.py:close()] - Error closing Klippy Unix Socket
Traceback (most recent call last):
  File "/home/Oghma/moonraker/moonraker/components/klippy_connection.py", line 769, in close
    await self.writer.wait_closed()
  File "/usr/lib/python3.9/asyncio/streams.py", line 359, in wait_closed
    await self._protocol._get_close_waiter(self)
  File "/home/Oghma/moonraker/moonraker/components/klippy_connection.py", line 172, in _read_stream
    data = await reader.readuntil(b'\x03')
  File "/usr/lib/python3.9/asyncio/streams.py", line 632, in readuntil
    await self._wait_for_data('readuntil')
  File "/usr/lib/python3.9/asyncio/streams.py", line 517, in _wait_for_data
    await self._waiter
  File "/usr/lib/python3.9/asyncio/selector_events.py", line 856, in _read_ready__data_received
    data = self._sock.recv(self.max_size)
ConnectionResetError: [Errno 104] Connection reset by peer
2024-05-07 05:45:00,063 [klippy_connection.py:_on_connection_closed()] - Klippy Connection Removed
2024-05-07 05:45:00,163 [websockets.py:on_close()] - Websocket Closed: ID: 548548417376 Close Code: 1001, Close Reason: Server Shutdown, Pong Time Elapsed: 6.74
2024-05-07 05:45:00,166 [websockets.py:write_to_socket()] - Websocket closed while writing: 548548566944
2024-05-07 05:45:00,180 [websockets.py:on_close()] - Websocket Closed: ID: 548548566944 Close Code: 1001, Close Reason: Server Shutdown, Pong Time Elapsed: 5.25
2024-05-07 05:45:00,230 [database.py:close()] - Database statistics:

announcements:
psize: 4096
depth: 0
branch_pages: 0
leaf_pages: 0
overflow_pages: 0
entries: 0
authorized_users:
psize: 4096
depth: 1
branch_pages: 0
leaf_pages: 1
overflow_pages: 0
entries: 1
fluidd:
psize: 4096
depth: 1
branch_pages: 0
leaf_pages: 1
overflow_pages: 0
entries: 6
gcode_metadata:
psize: 4096
depth: 2
branch_pages: 1
leaf_pages: 14
overflow_pages: 0
entries: 36
history:
psize: 4096
depth: 2
branch_pages: 1
leaf_pages: 28
overflow_pages: 0
entries: 57
moonraker:
psize: 4096
depth: 1
branch_pages: 0
leaf_pages: 1
overflow_pages: 0
entries: 8
update_manager:
psize: 4096
depth: 2
branch_pages: 1
leaf_pages: 2
overflow_pages: 5
entries: 6
2024-05-07 05:45:00,247 [server.py:main()] - Server Shutdown
-------------------- Log Start | Tue May  7 09:45:23 2024 --------------------
platform: Linux-6.1.21-v8+-aarch64-with-glibc2.31
data_path: /home/Oghma/printer_data
is_default_data_path: False
config_file: /home/Oghma/printer_data/config/moonraker.conf
startup_warnings: []
verbose: False
debug: False
asyncio_debug: False
is_backup_config: False
is_python_package: False
instance_uuid: be8a673b2ce84d14935f0ed0a8c797a2
unix_socket_path: /home/Oghma/printer_data/comms/moonraker.sock
software_version: v0.8.0-325-g99b97af
git_branch: master
git_remote: origin
git_repo_url: https://github.com/Arksine/moonraker.git
modified_files: []
unofficial_components: []
log_file: /home/Oghma/printer_data/logs/moonraker.log
python_version: 3.9.2 (default, Feb 28 2021, 17:03:44)  [GCC 10.2.1 20210110]
launch_args: /home/Oghma/moonraker-env/bin/python /home/Oghma/moonraker/moonraker/moonraker.py -d /home/Oghma/printer_data
msgspec_enabled: False
uvloop_enabled: False
2024-05-07 05:45:23,891 [confighelper.py:read_file()] - Configuration File '/home/Oghma/printer_data/config/moonraker.conf' parsed, total size: 971 B
2024-05-07 05:45:23,892 [server.py:add_log_rollover_item()] - 
#################### Moonraker Configuration ####################

[server]
host = 0.0.0.0
port = 7125
klippy_uds_address = /home/Oghma/printer_data/comms/klippy.sock

[authorization]
trusted_clients = 
	10.0.0.0/8
	127.0.0.0/8
	169.254.0.0/16
	172.16.0.0/12
	192.168.0.0/16
	FE80::/10
	::1/128
cors_domains = 
	*.lan
	*.local
	*://localhost
	*://localhost:*
	*://my.mainsail.xyz
	*://app.fluidd.xyz

[octoprint_compat]

[history]

[update_manager]
channel = dev
refresh_interval = 168

[update_manager fluidd-config]
type = git_repo
primary_branch = master
path = ~/fluidd-config
origin = https://github.com/fluidd-core/fluidd-config.git
managed_services = klipper

[update_manager fluidd]
type = web
channel = stable
repo = fluidd-core/fluidd
path = ~/fluidd

[update_manager crowsnest]
type = git_repo
path = ~/crowsnest
origin = https://github.com/mainsail-crew/crowsnest.git
managed_services = crowsnest
install_script = tools/pkglist.sh

[file_manager]
enable_object_processing = True

#################################################################
All Configuration Files:
/home/Oghma/printer_data/config/moonraker.conf
#################################################################
2024-05-07 05:45:24,230 [server.py:load_component()] - Component (secrets) loaded
2024-05-07 05:45:24,247 [server.py:load_component()] - Component (template) loaded
2024-05-07 05:45:24,263 [server.py:load_component()] - Component (klippy_connection) loaded
2024-05-07 05:45:25,790 [server.py:load_component()] - Component (application) loaded
2024-05-07 05:45:25,918 [server.py:load_component()] - Component (websockets) loaded
2024-05-07 05:45:26,152 [server.py:load_component()] - Component (dbus_manager) loaded
2024-05-07 05:45:26,213 [server.py:add_log_rollover_item()] - 
Database Versions: pylmdb = 1.4.1, lmdb = (0, 9, 29)
Unsafe Shutdown Count: 20
2024-05-07 05:45:26,263 [server.py:load_component()] - Component (database) loaded
2024-05-07 05:45:26,360 [file_manager.py:__init__()] - Using File System Observer: inotify
2024-05-07 05:45:26,469 [server.py:load_component()] - Component (file_manager) loaded
2024-05-07 05:45:26,555 [authorization.py:__init__()] - Authorization Configuration Loaded
Trusted Clients:
10.0.0.0/8
127.0.0.0/8
169.254.0.0/16
172.16.0.0/12
192.168.0.0/16
fe80::/10
::1/128
CORS Domains:
.*\.lan
.*\.local
.*://localhost
.*://localhost:.*
.*://my\.mainsail\.xyz
.*://app\.fluidd\.xyz
2024-05-07 05:45:26,570 [server.py:load_component()] - Component (authorization) loaded
2024-05-07 05:45:26,584 [server.py:load_component()] - Component (klippy_apis) loaded
2024-05-07 05:45:27,112 [server.py:add_log_rollover_item()] - 
System Info:

***python***
  version: (3, 9, 2, 'final', 0)
  version_string: 3.9.2 (default, Feb 28 2021, 17:03:44)  [GCC 10.2.1 20210110]

***cpu_info***
  cpu_count: 4
  bits: 64bit
  processor: aarch64
  cpu_desc: 
  serial_number: efdbc431
  hardware_desc: BCM2835
  model: Raspberry Pi 3 Model B Plus Rev 1.3
  total_memory: 847632
  memory_units: kB

***sd_info***
  manufacturer_id: 1b
  manufacturer: Samsung
  oem_id: 534d
  product_name: EC1S5
  product_revision: 3.0
  serial_number: 80dd5728
  manufacturer_date: 3/2024
  capacity: 59.7 GiB
  total_bytes: 64088965120

***distribution***
  name: Debian GNU/Linux 11 (bullseye)
  id: debian
  version: 11
  version_parts: {'major': '11', 'minor': '', 'build_number': ''}
  like: 
  codename: bullseye
  release_info: {}
  kernel_version: 6.1.21-v8+

***virtualization***
  virt_type: none
  virt_identifier: none

***network***

***canbus***

***Allowed Services***
  klipper_mcu
  webcamd
  MoonCord
  KlipperScreen
  moonraker-telegram-bot
  moonraker-obico
  sonar
  crowsnest
  octoeverywhere
  ratos-configurator
2024-05-07 05:45:27,120 [server.py:load_component()] - Component (shell_command) loaded
2024-05-07 05:45:27,121 [machine.py:__init__()] - Using System Provider: systemd_dbus
2024-05-07 05:45:27,288 [server.py:add_log_rollover_item()] - Found libcamera Python module, version: v0.0.5+83-bde9b04f
2024-05-07 05:45:27,289 [server.py:load_component()] - Component (machine) loaded
2024-05-07 05:45:27,296 [server.py:load_component()] - Component (data_store) loaded
2024-05-07 05:45:27,301 [proc_stats.py:__init__()] - Detected 'vcgencmd', throttle checking enabled
2024-05-07 05:45:27,303 [server.py:load_component()] - Component (proc_stats) loaded
2024-05-07 05:45:27,307 [server.py:load_component()] - Component (job_state) loaded
2024-05-07 05:45:27,318 [server.py:load_component()] - Component (job_queue) loaded
2024-05-07 05:45:27,335 [server.py:load_component()] - Component (http_client) loaded
2024-05-07 05:45:27,347 [server.py:load_component()] - Component (announcements) loaded
2024-05-07 05:45:27,355 [server.py:load_component()] - Component (webcam) loaded
2024-05-07 05:45:27,362 [server.py:load_component()] - Component (extensions) loaded
2024-05-07 05:45:27,371 [server.py:load_component()] - Component (history) loaded
2024-05-07 05:45:27,522 [base_deploy.py:log_info()] - Git Repo moonraker: Detected virtualenv: /home/Oghma/moonraker-env
2024-05-07 05:45:27,532 [base_deploy.py:log_info()] - Git Repo klipper: Detected virtualenv: /home/Oghma/klippy-env
2024-05-07 05:45:27,563 [server.py:load_component()] - Component (update_manager) loaded
2024-05-07 05:45:27,581 [server.py:load_component()] - Component (octoprint_compat) loaded
2024-05-07 05:45:27,585 [server.py:_initialize_component()] - Performing Component Post Init: [dbus_manager]
2024-05-07 05:45:27,770 [server.py:_initialize_component()] - Performing Component Post Init: [file_manager]
2024-05-07 05:45:27,976 [server.py:_initialize_component()] - Performing Component Post Init: [authorization]
2024-05-07 05:45:27,977 [server.py:_initialize_component()] - Performing Component Post Init: [machine]
2024-05-07 05:45:27,978 [machine.py:validation_init()] - Installation version in database up to date
2024-05-07 05:45:28,522 [machine.py:check_virt_status()] - No Virtualization Detected
2024-05-07 05:45:28,548 [machine.py:_find_public_ip()] - Detected Local IP: 192.168.50.101
2024-05-07 05:45:28,553 [webcam.py:_set_default_host_ip()] - Default public webcam address set: http://192.168.50.101
2024-05-07 05:45:28,670 [server.py:add_log_rollover_item()] - 
Systemd unit moonraker.service:
unit_name: moonraker.service
is_default: True
manager: systemd
Properties:
**Requires=['network-online.target', 'system.slice', 'sysinit.target', '-.mount']
**After=['systemd-journald.socket', '-.mount', 'network-online.target', 'system.slice', 'basic.target', 'sysinit.target']
**SupplementaryGroups=['moonraker-admin']
**EnvironmentFiles=/home/Oghma/printer_data/systemd/moonraker.env
**ExecStart=/home/Oghma/moonraker-env/bin/python $MOONRAKER_ARGS
**WorkingDirectory=/home/Oghma/moonraker
**FragmentPath=/etc/systemd/system/moonraker.service
**Description=API Server for Klipper SV1
**User=Oghma
2024-05-07 05:45:28,670 [server.py:_initialize_component()] - Performing Component Post Init: [proc_stats]
2024-05-07 05:45:28,670 [server.py:_initialize_component()] - Performing Component Post Init: [announcements]
2024-05-07 05:45:28,673 [server.py:_initialize_component()] - Performing Component Post Init: [webcam]
2024-05-07 05:45:28,673 [webcam.py:_set_default_host_ip()] - Default public webcam address set: http://192.168.50.101
2024-05-07 05:45:28,674 [server.py:_initialize_component()] - Performing Component Post Init: [klippy_connection]
2024-05-07 05:45:28,675 [server.py:add_log_rollover_item()] - 
Systemd unit klipper.service:
unit_name: klipper.service
is_default: True
manager: systemd
Properties:
**Requires=['-.mount', 'sysinit.target', 'system.slice']
**After=['sysinit.target', '-.mount', 'systemd-journald.socket', 'network-online.target', 'basic.target', 'system.slice']
**SupplementaryGroups=[]
**EnvironmentFiles=/home/Oghma/printer_data/systemd/klipper.env
**ExecStart=/home/Oghma/klippy-env/bin/python $KLIPPER_ARGS
**WorkingDirectory=/home/Oghma/klipper
**FragmentPath=/etc/systemd/system/klipper.service
**Description=Klipper 3D Printer Firmware SV1
**User=Oghma
2024-05-07 05:45:28,675 [server.py:_initialize_component()] - Performing Component Post Init: [history]
2024-05-07 05:45:28,680 [server.py:_initialize_component()] - Performing Component Post Init: [update_manager]
2024-05-07 05:45:29,274 [base_deploy.py:log_info()] - PackageDeploy: PackageKit Provider Configured
2024-05-07 05:45:29,278 [git_deploy.py:log_repo_info()] - Git Repo moonraker Detected:
Owner: Arksine
Repository Name: moonraker
Path: /home/Oghma/moonraker
Remote: origin
Branch: master
Remote URL: https://github.com/Arksine/moonraker.git
Recovery URL: https://github.com/Arksine/moonraker.git
Current Commit SHA: 99b97afc7de1ed16ddc7db29ab6354bd6ea3dfb7
Upstream Commit SHA: 0f2e3d7c99b5fae2d5ccf7084e6eb6b18c65cda5
Current Version: v0.8.0-325-g99b97afc
Upstream Version: v0.8.0-343-g0f2e3d7c
Rollback Commit: 99b97afc7de1ed16ddc7db29ab6354bd6ea3dfb7
Rollback Branch: master
Rollback Version: v0.8.0-325-g99b97afc
Is Dirty: False
Is Detached: False
Is Shallow: False
Commits Behind Count: 18
Diverged: False
2024-05-07 05:45:29,281 [git_deploy.py:log_repo_info()] - Git Repo klipper Detected:
Owner: Klipper3d
Repository Name: klipper
Path: /home/Oghma/klipper
Remote: origin
Branch: master
Remote URL: https://github.com/Klipper3d/klipper
Recovery URL: https://github.com/Klipper3d/klipper
Current Commit SHA: 01c7befacb5b71643130433f2afb3f22ece68d71
Upstream Commit SHA: 434770eaf9d382cccba203a3475ace2dc0653d7b
Current Version: v0.12.0-143-g01c7befa
Upstream Version: v0.12.0-179-g434770ea
Rollback Commit: 01c7befacb5b71643130433f2afb3f22ece68d71
Rollback Branch: master
Rollback Version: v0.12.0-143-g01c7befa
Is Dirty: False
Is Detached: False
Is Shallow: False
Commits Behind Count: 36
Diverged: False
Repo Warnings:
  Repo has untracked source files: ['klippy/extras/gcode_shell_command.py']
2024-05-07 05:45:29,286 [git_deploy.py:log_repo_info()] - Git Repo fluidd-config Detected:
Owner: fluidd-core
Repository Name: fluidd-config
Path: /home/Oghma/fluidd-config
Remote: origin
Branch: master
Remote URL: https://github.com/fluidd-core/fluidd-config.git
Recovery URL: https://github.com/fluidd-core/fluidd-config.git
Current Commit SHA: ce48c5854e9ca3ca72b63d0327069fac20e94c7c
Upstream Commit SHA: ce48c5854e9ca3ca72b63d0327069fac20e94c7c
Current Version: v1.2.0-0-gce48c585
Upstream Version: v1.2.0-0-gce48c585
Rollback Commit: ce48c5854e9ca3ca72b63d0327069fac20e94c7c
Rollback Branch: master
Rollback Version: v1.2.0-0-gce48c585
Is Dirty: False
Is Detached: False
Is Shallow: False
Commits Behind Count: 0
Diverged: False
2024-05-07 05:45:29,300 [base_deploy.py:log_info()] - Web Client fluidd: Detected
Repo: fluidd-core/fluidd
Channel: stable
Path: /home/Oghma/fluidd
Local Version: v1.29.1
Remote Version: v1.30.0
Valid: True
Fallback Detected: False
Pre-release: False
Download Url: https://github.com/fluidd-core/fluidd/releases/download/v1.30.0/fluidd.zip
Download Size: 3715088
Content Type: application/zip
Rollback Version: v1.29.1
Rollback Repo: fluidd-core/fluidd
2024-05-07 05:45:29,304 [git_deploy.py:log_repo_info()] - Git Repo crowsnest Detected:
Owner: mainsail-crew
Repository Name: crowsnest
Path: /home/Oghma/crowsnest
Remote: origin
Branch: master
Remote URL: https://github.com/mainsail-crew/crowsnest.git
Recovery URL: https://github.com/mainsail-crew/crowsnest.git
Current Commit SHA: 6ac4711e17f6f7c51998d1f928166fdaee383bf7
Upstream Commit SHA: d75a3aeb018384e59d03518754f6148c98894ed9
Current Version: v4.1.8-1-g6ac4711e
Upstream Version: v4.1.9-1-gd75a3aeb
Rollback Commit: 6ac4711e17f6f7c51998d1f928166fdaee383bf7
Rollback Branch: master
Rollback Version: v4.1.8-1-g6ac4711e
Is Dirty: False
Is Detached: False
Is Shallow: False
Commits Behind Count: 4
Diverged: False
2024-05-07 05:45:29,307 [base_deploy.py:log_info()] - PackageKit: Next refresh in: 4 Days, 18 Hours, 44 Minutes, 7 Seconds
2024-05-07 05:45:29,308 [base_deploy.py:log_info()] - Git Repo moonraker: Next refresh in: 4 Days, 18 Hours, 44 Minutes, 9 Seconds
2024-05-07 05:45:29,308 [base_deploy.py:log_info()] - Git Repo klipper: Next refresh in: 4 Days, 18 Hours, 44 Minutes, 13 Seconds
2024-05-07 05:45:29,309 [base_deploy.py:log_info()] - Git Repo fluidd-config: Next refresh in: 4 Days, 18 Hours, 44 Minutes, 14 Seconds
2024-05-07 05:45:29,309 [base_deploy.py:log_info()] - Web Client fluidd: Next refresh in: 4 Days, 18 Hours, 44 Minutes, 14 Seconds
2024-05-07 05:45:29,309 [base_deploy.py:log_info()] - Git Repo crowsnest: Next refresh in: 4 Days, 18 Hours, 44 Minutes, 15 Seconds
2024-05-07 05:45:29,320 [extensions.py:start_unix_server()] - Creating Unix Domain Socket at '/home/Oghma/printer_data/comms/moonraker.sock'
2024-05-07 05:45:29,323 [server.py:start_server()] - Starting Moonraker on (0.0.0.0, 7125), Hostname: DarkWing
2024-05-07 05:45:29,325 [application.py:listen()] - SSL Certificate/Key not configured, aborting HTTPS Server startup
2024-05-07 05:45:29,579 [klippy_connection.py:_do_connect()] - Klippy Connection Established
2024-05-07 05:45:29,714 [server.py:add_log_rollover_item()] - 
Systemd unit klipper.service:
unit_name: klipper.service
is_default: True
manager: systemd
Properties:
**Requires=['sysinit.target', '-.mount', 'system.slice']
**After=['sysinit.target', 'systemd-journald.socket', 'basic.target', '-.mount', 'network-online.target', 'system.slice']
**SupplementaryGroups=[]
**EnvironmentFiles=/home/Oghma/printer_data/systemd/klipper.env
**ExecStart=/home/Oghma/klippy-env/bin/python $KLIPPER_ARGS
**WorkingDirectory=/home/Oghma/klipper
**FragmentPath=/etc/systemd/system/klipper.service
**Description=Klipper 3D Printer Firmware SV1
**User=Oghma
2024-05-07 05:45:29,969 [server.py:add_log_rollover_item()] - Klipper Version: v0.12.0-143-g01c7befa-dirty
2024-05-07 05:45:30,505 [klippy_connection.py:_request_initial_subscriptions()] - Webhooks Subscribed
2024-05-07 05:45:30,508 [klippy_connection.py:_request_initial_subscriptions()] - GCode Output Subscribed
2024-05-07 05:45:30,512 [klippy_connection.py:_check_ready()] - 
Can not update MCU 'SB2209' config as it is shutdown
Once the underlying issue is corrected, use the
"FIRMWARE_RESTART" command to reset the firmware, reload the
config, and restart the host software.
Error configuring printer

2024-05-07 05:46:45,511 [authorization.py:_check_trusted_connection()] - Trusted Connection Detected, IP: 192.168.50.192
2024-05-07 05:46:45,633 [application.py:log_request()] - 101 GET /websocket?token=OJGWB4VLAM7IZAKLFDFU3MSXVUTWRTDN (192.168.50.192) [_TRUSTED_USER_] 6.57ms
2024-05-07 05:46:45,634 [websockets.py:open()] - Websocket Opened: ID: 547564272464, Proxied: True, User Agent: Mozilla/5.0 (Windows NT 10.0; Win64; x64; rv:125.0) Gecko/20100101 Firefox/125.0, Host Name: 192.168.50.101
2024-05-07 05:46:45,649 [websockets.py:_handle_identify()] - Websocket 547564272464 Client Identified - Name: fluidd, Version: 1.29.1-fef6e12, Type: web
2024-05-07 05:46:45,650 [file_manager.py:get_file_list()] - Updating File List <config>...
2024-05-07 05:46:49,210 [klippy_connection.py:_on_connection_closed()] - Klippy Connection Removed
2024-05-07 05:46:49,251 [common.py:build_error()] - JSON-RPC Request Error - Requested Method: printer.info, Code: 503, Message: Klippy Host not connected
2024-05-07 05:46:50,473 [klippy_connection.py:_do_connect()] - Klippy Connection Established
2024-05-07 05:46:54,573 [klippy_connection.py:_request_initial_subscriptions()] - Webhooks Subscribed
2024-05-07 05:46:54,577 [klippy_connection.py:_request_initial_subscriptions()] - GCode Output Subscribed
2024-05-07 05:46:54,824 [job_state.py:_handle_started()] - Job state initialized: standby
2024-05-07 05:46:55,092 [klippy_connection.py:_check_ready()] - Klippy ready
2024-05-07 05:46:55,576 [data_store.py:_init_sensors()] - Configuring available sensors: ['heater_bed', 'temperature_sensor Octopus', 'temperature_fan Pi', 'temperature_fan SB2209', 'extruder']
2024-05-07 06:30:55,807 [websockets.py:write_to_socket()] - Websocket closed while writing: 547564272464
2024-05-07 06:31:00,641 [websockets.py:on_close()] - Websocket Closed: ID: 547564272464 Close Code: None, Close Reason: None, Pong Time Elapsed: 44.99
2024-05-07 06:39:25,983 [application.py:log_request()] - 101 GET /websocket?token=2YSZY6ZVSBX5SGXSP5WQQ5DTIVX4Q4T3 (192.168.50.192) [_TRUSTED_USER_] 6.63ms
2024-05-07 06:39:25,985 [websockets.py:open()] - Websocket Opened: ID: 547564271792, Proxied: True, User Agent: Mozilla/5.0 (Windows NT 10.0; Win64; x64; rv:125.0) Gecko/20100101 Firefox/125.0, Host Name: 192.168.50.101
2024-05-07 06:39:26,001 [websockets.py:_handle_identify()] - Websocket 547564271792 Client Identified - Name: fluidd, Version: 1.29.1-fef6e12, Type: web
2024-05-07 06:39:26,003 [file_manager.py:get_file_list()] - Updating File List <config>...
2024-05-07 06:39:32,556 [job_state.py:_status_update()] - Job Started: SB_CW2_Body_ABS_8h30m.gcode
2024-05-07 07:11:56,196 [websockets.py:write_to_socket()] - Websocket closed while writing: 547564271792
2024-05-07 07:12:00,988 [websockets.py:on_close()] - Websocket Closed: ID: 547564271792 Close Code: None, Close Reason: None, Pong Time Elapsed: 44.99
2024-05-07 07:40:41,578 [authorization.py:_prune_conn_handler()] - Trusted Connection Expired, IP: 192.168.50.192
2024-05-07 10:11:25,381 [authorization.py:_check_trusted_connection()] - Trusted Connection Detected, IP: 192.168.50.192
2024-05-07 10:11:25,430 [application.py:log_request()] - 101 GET /websocket?token=LTDRDO5TAT2VDUHWDQ6ZO3LETDEZPWI7 (192.168.50.192) [_TRUSTED_USER_] 6.27ms
2024-05-07 10:11:25,431 [websockets.py:open()] - Websocket Opened: ID: 547564273424, Proxied: True, User Agent: Mozilla/5.0 (Windows NT 10.0; Win64; x64; rv:125.0) Gecko/20100101 Firefox/125.0, Host Name: 192.168.50.101
2024-05-07 10:11:25,446 [websockets.py:_handle_identify()] - Websocket 547564273424 Client Identified - Name: fluidd, Version: 1.29.1-fef6e12, Type: web
2024-05-07 10:11:25,448 [file_manager.py:get_file_list()] - Updating File List <config>...
2024-05-07 10:11:56,029 [websockets.py:write_to_socket()] - Websocket closed while writing: 547564273424
2024-05-07 10:12:00,435 [websockets.py:on_close()] - Websocket Closed: ID: 547564273424 Close Code: None, Close Reason: None, Pong Time Elapsed: 35.01
2024-05-07 11:15:41,640 [authorization.py:_prune_conn_handler()] - Trusted Connection Expired, IP: 192.168.50.192
2024-05-07 12:20:04,508 [klippy_connection.py:_process_status_update()] - Klippy has shutdown
2024-05-07 12:20:04,517 [proc_stats.py:_handle_shutdown()] - 
Moonraker System Usage Statistics:
System Time: 1715098775.117492, Usage: 2.42%, Memory: 52932 kB
System Time: 1715098776.121137, Usage: 2.38%, Memory: 52932 kB
System Time: 1715098777.122467, Usage: 2.2%, Memory: 52932 kB
System Time: 1715098778.117247, Usage: 2.49%, Memory: 52932 kB
System Time: 1715098779.117611, Usage: 1.41%, Memory: 52932 kB
System Time: 1715098780.119256, Usage: 1.42%, Memory: 52932 kB
System Time: 1715098781.121292, Usage: 1.37%, Memory: 52932 kB
System Time: 1715098782.123537, Usage: 3.54%, Memory: 52932 kB
System Time: 1715098783.129709, Usage: 1.62%, Memory: 52932 kB
System Time: 1715098784.129964, Usage: 2.57%, Memory: 52932 kB
System Time: 1715098785.125040, Usage: 2.3%, Memory: 52932 kB
System Time: 1715098786.126410, Usage: 1.4%, Memory: 52932 kB
System Time: 1715098787.127935, Usage: 1.45%, Memory: 52932 kB
System Time: 1715098788.129266, Usage: 1.44%, Memory: 52932 kB
System Time: 1715098789.130228, Usage: 1.41%, Memory: 52932 kB
System Time: 1715098790.136385, Usage: 1.59%, Memory: 52932 kB
System Time: 1715098791.132266, Usage: 2.11%, Memory: 52932 kB
System Time: 1715098792.134289, Usage: 3.6%, Memory: 52932 kB
System Time: 1715098793.134714, Usage: 1.48%, Memory: 52932 kB
System Time: 1715098794.135777, Usage: 1.44%, Memory: 52932 kB
System Time: 1715098795.137891, Usage: 1.41%, Memory: 52932 kB
System Time: 1715098796.137565, Usage: 1.65%, Memory: 52932 kB
System Time: 1715098797.138855, Usage: 1.4%, Memory: 52932 kB
System Time: 1715098798.139575, Usage: 1.48%, Memory: 52932 kB
System Time: 1715098799.140799, Usage: 1.44%, Memory: 52932 kB
System Time: 1715098800.141196, Usage: 1.44%, Memory: 52932 kB
System Time: 1715098801.147815, Usage: 1.46%, Memory: 52932 kB
System Time: 1715098802.143856, Usage: 5.44%, Memory: 52932 kB
System Time: 1715098803.143799, Usage: 1.42%, Memory: 52932 kB
System Time: 1715098804.144378, Usage: 1.36%, Memory: 52932 kB
CPU Temperature: 41.856
2024-05-07 12:20:04,520 [proc_stats.py:_handle_shutdown()] - Throttled Flags: 
2024-05-07 12:57:04,096 [server.py:add_log_rollover_item()] - CPU Throttled Flags: ['Previously Temperature Limited']
2024-05-07 17:51:35,290 [authorization.py:_check_trusted_connection()] - Trusted Connection Detected, IP: 192.168.50.192
2024-05-07 17:51:35,378 [application.py:log_request()] - 101 GET /websocket?token=F6HDTSA3CEDQFMLJSML7Z7AF73NZNY2J (192.168.50.192) [_TRUSTED_USER_] 6.68ms
2024-05-07 17:51:35,380 [websockets.py:open()] - Websocket Opened: ID: 547564298688, Proxied: True, User Agent: Mozilla/5.0 (Windows NT 10.0; Win64; x64; rv:125.0) Gecko/20100101 Firefox/125.0, Host Name: 192.168.50.101
2024-05-07 17:51:35,502 [websockets.py:_handle_identify()] - Websocket 547564298688 Client Identified - Name: fluidd, Version: 1.29.1-fef6e12, Type: web
2024-05-07 17:51:35,504 [file_manager.py:get_file_list()] - Updating File List <config>...
